Loading mistralai/Mixtral-8x7B-Instruct-v0.1...
`torch_dtype` is deprecated! Use `dtype` instead!

Fetching 19 files:   0%|          | 0/19 [00:00<?, ?it/s]
Fetching 19 files:   5%|▌         | 1/19 [00:08<02:39,  8.84s/it]
Fetching 19 files:  11%|█         | 2/19 [00:09<01:06,  3.91s/it]
Fetching 19 files:  32%|███▏      | 6/19 [00:09<00:12,  1.07it/s]
Fetching 19 files:  47%|████▋     | 9/19 [00:17<00:16,  1.69s/it]
Fetching 19 files:  53%|█████▎    | 10/19 [00:17<00:13,  1.47s/it]
Fetching 19 files:  74%|███████▎  | 14/19 [00:18<00:03,  1.28it/s]
Fetching 19 files:  79%|███████▉  | 15/19 [00:18<00:02,  1.45it/s]
Fetching 19 files:  89%|████████▉ | 17/19 [00:24<00:02,  1.37s/it]
Fetching 19 files:  95%|█████████▍| 18/19 [00:25<00:01,  1.27s/it]
Fetching 19 files: 100%|██████████| 19/19 [00:25<00:00,  1.32s/it]

Loading weights:   0%|          | 0/291 [00:00<?, ?it/s]
Loading weights:   1%|          | 3/291 [00:00<00:44,  6.42it/s]
Loading weights:   4%|▍         | 12/291 [00:00<00:17, 15.91it/s]
Loading weights:   7%|▋         | 21/291 [00:01<00:16, 16.44it/s]
Loading weights:  10%|█         | 30/291 [00:01<00:13, 19.71it/s]
Loading weights:  13%|█▎        | 39/291 [00:02<00:12, 19.77it/s]
Loading weights:  16%|█▋        | 48/291 [00:02<00:11, 20.80it/s]
Loading weights:  20%|█▉        | 57/291 [00:03<00:11, 20.39it/s]
Loading weights:  23%|██▎       | 66/291 [00:03<00:10, 20.87it/s]
Loading weights:  26%|██▌       | 75/291 [00:03<00:10, 20.64it/s]
Loading weights:  29%|██▉       | 84/291 [00:04<00:10, 19.99it/s]
Loading weights:  32%|███▏      | 93/291 [00:04<00:09, 20.58it/s]
Loading weights:  35%|███▌      | 102/291 [00:05<00:09, 20.23it/s]
Loading weights:  38%|███▊      | 111/291 [00:05<00:08, 20.47it/s]
Loading weights:  41%|████      | 120/291 [00:06<00:08, 20.14it/s]
Loading weights:  44%|████▍     | 129/291 [00:06<00:08, 19.93it/s]
Loading weights:  47%|████▋     | 138/291 [00:07<00:07, 19.78it/s]
Loading weights:  51%|█████     | 147/291 [00:07<00:06, 20.64it/s]
Loading weights:  54%|█████▎    | 156/291 [00:07<00:06, 20.06it/s]
Loading weights:  57%|█████▋    | 165/291 [00:08<00:06, 20.96it/s]
Loading weights:  60%|█████▉    | 174/291 [00:08<00:05, 19.86it/s]
Loading weights:  63%|██████▎   | 183/291 [00:09<00:05, 20.23it/s]
Loading weights:  66%|██████▌   | 192/291 [00:09<00:04, 20.93it/s]
Loading weights:  69%|██████▉   | 201/291 [00:10<00:04, 21.27it/s]
Loading weights:  72%|███████▏  | 210/291 [00:10<00:03, 20.57it/s]
Loading weights:  75%|███████▌  | 219/291 [00:10<00:03, 21.51it/s]
Loading weights:  78%|███████▊  | 228/291 [00:11<00:03, 20.95it/s]
Loading weights:  81%|████████▏ | 237/291 [00:11<00:02, 21.60it/s]
Loading weights:  85%|████████▍ | 246/291 [00:12<00:02, 21.54it/s]
Loading weights:  88%|████████▊ | 255/291 [00:12<00:01, 19.86it/s]
Loading weights:  91%|█████████ | 264/291 [00:13<00:01, 19.98it/s]
Loading weights:  94%|█████████▍| 273/291 [00:13<00:00, 21.06it/s]
Loading weights:  97%|█████████▋| 282/291 [00:13<00:00, 21.09it/s]
Loading weights: 100%|██████████| 291/291 [00:13<00:00, 20.92it/s]
  Loaded in 43s: 46.7B, 32 layers, 8 KV heads, head_dim=None
  Installed 64 hooks

=== Phase 1: FP16_baseline ===

Generating test split:   0%|          | 0/4358 [00:00<?, ? examples/s]
Generating test split: 100%|██████████| 4358/4358 [00:00<00:00, 621515.70 examples/s]

Generating train split:   0%|          | 0/1801350 [00:00<?, ? examples/s]
Generating train split:   7%|▋         | 119000/1801350 [00:00<00:01, 1176586.65 examples/s]
Generating train split:  15%|█▌        | 275000/1801350 [00:00<00:01, 1270456.79 examples/s]
Generating train split:  22%|██▏       | 405000/1801350 [00:00<00:01, 1278627.95 examples/s]
Generating train split:  31%|███▏      | 565000/1801350 [00:00<00:00, 1396811.93 examples/s]
Generating train split:  43%|████▎     | 772000/1801350 [00:00<00:00, 1343479.30 examples/s]
Generating train split:  55%|█████▍    | 983675/1801350 [00:00<00:00, 1326954.39 examples/s]
Generating train split:  62%|██████▏   | 1118675/1801350 [00:00<00:00, 1329023.13 examples/s]
Generating train split:  71%|███████   | 1280675/1801350 [00:00<00:00, 1404853.03 examples/s]
Generating train split:  82%|████████▏ | 1476675/1801350 [00:01<00:00, 1328002.28 examples/s]
Generating train split:  91%|█████████ | 1638675/1801350 [00:01<00:00, 1400780.99 examples/s]
Generating train split: 100%|██████████| 1801350/1801350 [00:01<00:00, 1393791.65 examples/s]
Generating train split: 100%|██████████| 1801350/1801350 [00:01<00:00, 1357111.62 examples/s]

Generating validation split:   0%|          | 0/3760 [00:00<?, ? examples/s]
Generating validation split: 100%|██████████| 3760/3760 [00:00<00:00, 1089053.45 examples/s]
  PPL=4.3072, 199902 tokens, 36s

=== Phase 1: K_FP16__V_INT4 ===
  PPL=4.3164, 199902 tokens, 27s

=== Phase 1: K_INT8__V_INT4 ===
  PPL=4.3194, 199902 tokens, 28s

=== Phase 1: K_INT4__V_INT4 ===
  PPL=4.3850, 199902 tokens, 28s

Phase 1 complete. Results saved.
