Starting BPA H100 All-In-One Experiments
2026-03-11 05:18:46,980 | INFO  | LiveServerless:iz1k3wkoxkkxqt | API /run
2026-03-11 05:18:47,183 | INFO  | LiveServerless:iz1k3wkoxkkxqt | Started Job:46b9c313-fa40-4856-92f7-7ecd85eb5dae-u2
2026-03-11 05:18:47,269 | INFO  | Job:46b9c313-fa40-4856-92f7-7ecd85eb5dae-u2 | Status: IN_QUEUE
2026-03-11 05:18:47,767 | INFO  | Job:46b9c313-fa40-4856-92f7-7ecd85eb5dae-u2 | .
2026-03-11 05:18:49,020 | INFO  | Job:46b9c313-fa40-4856-92f7-7ecd85eb5dae-u2 | ..
2026-03-11 05:18:54,837 | INFO  | Job:46b9c313-fa40-4856-92f7-7ecd85eb5dae-u2 | ...
2026-03-11 05:19:13,226 | INFO  | Job:46b9c313-fa40-4856-92f7-7ecd85eb5dae-u2 | ....
2026-03-11 05:19:31,803 | INFO  | Job:46b9c313-fa40-4856-92f7-7ecd85eb5dae-u2 | .....
2026-03-11 05:19:53,868 | INFO  | Job:46b9c313-fa40-4856-92f7-7ecd85eb5dae-u2 | ......
2026-03-11 05:20:14,768 | INFO  | Job:46b9c313-fa40-4856-92f7-7ecd85eb5dae-u2 | .......
2026-03-11 05:20:35,336 | INFO  | Job:46b9c313-fa40-4856-92f7-7ecd85eb5dae-u2 | ........
2026-03-11 05:20:57,717 | INFO  | Job:46b9c313-fa40-4856-92f7-7ecd85eb5dae-u2 | .........
2026-03-11 05:21:21,765 | INFO  | Job:46b9c313-fa40-4856-92f7-7ecd85eb5dae-u2 | ..........
2026-03-11 05:21:43,104 | INFO  | Job:46b9c313-fa40-4856-92f7-7ecd85eb5dae-u2 | ...........
2026-03-11 05:22:01,796 | INFO  | Job:46b9c313-fa40-4856-92f7-7ecd85eb5dae-u2 | ............
2026-03-11 05:22:20,896 | INFO  | Job:46b9c313-fa40-4856-92f7-7ecd85eb5dae-u2 | .............
2026-03-11 05:22:40,643 | INFO  | Job:46b9c313-fa40-4856-92f7-7ecd85eb5dae-u2 | ..............
2026-03-11 05:23:00,005 | INFO  | Job:46b9c313-fa40-4856-92f7-7ecd85eb5dae-u2 | ...............
2026-03-11 05:23:17,356 | INFO  | Job:46b9c313-fa40-4856-92f7-7ecd85eb5dae-u2 | ................
2026-03-11 05:23:36,522 | INFO  | Job:46b9c313-fa40-4856-92f7-7ecd85eb5dae-u2 | .................
2026-03-11 05:23:58,167 | INFO  | Job:46b9c313-fa40-4856-92f7-7ecd85eb5dae-u2 | ..................
2026-03-11 05:24:18,720 | INFO  | Job:46b9c313-fa40-4856-92f7-7ecd85eb5dae-u2 | ...................
2026-03-11 05:24:36,589 | INFO  | Job:46b9c313-fa40-4856-92f7-7ecd85eb5dae-u2 | ....................
2026-03-11 05:24:58,708 | INFO  | Job:46b9c313-fa40-4856-92f7-7ecd85eb5dae-u2 | .....................
2026-03-11 05:25:16,919 | INFO  | Job:46b9c313-fa40-4856-92f7-7ecd85eb5dae-u2 | ......................
2026-03-11 05:25:37,524 | INFO  | Job:46b9c313-fa40-4856-92f7-7ecd85eb5dae-u2 | .......................
2026-03-11 05:25:55,447 | INFO  | Job:46b9c313-fa40-4856-92f7-7ecd85eb5dae-u2 | ........................
2026-03-11 05:26:16,691 | INFO  | Job:46b9c313-fa40-4856-92f7-7ecd85eb5dae-u2 | .........................
2026-03-11 05:26:38,477 | INFO  | Job:46b9c313-fa40-4856-92f7-7ecd85eb5dae-u2 | ..........................
2026-03-11 05:26:58,887 | INFO  | Job:46b9c313-fa40-4856-92f7-7ecd85eb5dae-u2 | ...........................
2026-03-11 05:27:19,500 | INFO  | Job:46b9c313-fa40-4856-92f7-7ecd85eb5dae-u2 | ............................
2026-03-11 05:27:39,145 | INFO  | Job:46b9c313-fa40-4856-92f7-7ecd85eb5dae-u2 | .............................
2026-03-11 05:28:01,494 | INFO  | Job:46b9c313-fa40-4856-92f7-7ecd85eb5dae-u2 | ..............................
2026-03-11 05:28:22,092 | INFO  | Job:46b9c313-fa40-4856-92f7-7ecd85eb5dae-u2 | ...............................
2026-03-11 05:28:41,961 | INFO  | Job:46b9c313-fa40-4856-92f7-7ecd85eb5dae-u2 | ................................
2026-03-11 05:29:03,110 | INFO  | Job:46b9c313-fa40-4856-92f7-7ecd85eb5dae-u2 | .................................
2026-03-11 05:29:21,979 | INFO  | Job:46b9c313-fa40-4856-92f7-7ecd85eb5dae-u2 | ..................................
2026-03-11 05:29:44,383 | INFO  | Job:46b9c313-fa40-4856-92f7-7ecd85eb5dae-u2 | ...................................
2026-03-11 05:30:06,369 | INFO  | Job:46b9c313-fa40-4856-92f7-7ecd85eb5dae-u2 | ....................................
2026-03-11 05:30:23,685 | INFO  | Job:46b9c313-fa40-4856-92f7-7ecd85eb5dae-u2 | .....................................
2026-03-11 05:30:45,878 | INFO  | Job:46b9c313-fa40-4856-92f7-7ecd85eb5dae-u2 | ......................................
2026-03-11 05:31:04,494 | INFO  | Job:46b9c313-fa40-4856-92f7-7ecd85eb5dae-u2 | .......................................
2026-03-11 05:31:24,350 | INFO  | Job:46b9c313-fa40-4856-92f7-7ecd85eb5dae-u2 | ........................................
2026-03-11 05:31:46,604 | INFO  | Job:46b9c313-fa40-4856-92f7-7ecd85eb5dae-u2 | .........................................
2026-03-11 05:32:07,946 | INFO  | Job:46b9c313-fa40-4856-92f7-7ecd85eb5dae-u2 | ..........................................
2026-03-11 05:32:31,589 | INFO  | Job:46b9c313-fa40-4856-92f7-7ecd85eb5dae-u2 | ...........................................
2026-03-11 05:32:51,217 | INFO  | Job:46b9c313-fa40-4856-92f7-7ecd85eb5dae-u2 | ............................................
2026-03-11 05:33:10,307 | INFO  | Job:46b9c313-fa40-4856-92f7-7ecd85eb5dae-u2 | .............................................
2026-03-11 05:33:28,517 | INFO  | Job:46b9c313-fa40-4856-92f7-7ecd85eb5dae-u2 | ..............................................
2026-03-11 05:33:47,145 | INFO  | Job:46b9c313-fa40-4856-92f7-7ecd85eb5dae-u2 | ...............................................
2026-03-11 05:34:08,374 | INFO  | Job:46b9c313-fa40-4856-92f7-7ecd85eb5dae-u2 | ................................................
2026-03-11 05:34:28,618 | INFO  | Job:46b9c313-fa40-4856-92f7-7ecd85eb5dae-u2 | .................................................
2026-03-11 05:34:46,785 | INFO  | Job:46b9c313-fa40-4856-92f7-7ecd85eb5dae-u2 | ..................................................
2026-03-11 05:35:07,712 | INFO  | Job:46b9c313-fa40-4856-92f7-7ecd85eb5dae-u2 | ...................................................
2026-03-11 05:35:30,774 | INFO  | Job:46b9c313-fa40-4856-92f7-7ecd85eb5dae-u2 | ....................................................
2026-03-11 05:35:50,648 | INFO  | Job:46b9c313-fa40-4856-92f7-7ecd85eb5dae-u2 | .....................................................
2026-03-11 05:36:09,459 | INFO  | Job:46b9c313-fa40-4856-92f7-7ecd85eb5dae-u2 | ......................................................
2026-03-11 05:36:28,538 | INFO  | Job:46b9c313-fa40-4856-92f7-7ecd85eb5dae-u2 | .......................................................
2026-03-11 05:36:48,872 | INFO  | Job:46b9c313-fa40-4856-92f7-7ecd85eb5dae-u2 | ........................................................
2026-03-11 05:37:08,733 | INFO  | Job:46b9c313-fa40-4856-92f7-7ecd85eb5dae-u2 | .........................................................
2026-03-11 05:37:28,258 | INFO  | Job:46b9c313-fa40-4856-92f7-7ecd85eb5dae-u2 | ..........................................................
2026-03-11 05:37:48,498 | INFO  | Job:46b9c313-fa40-4856-92f7-7ecd85eb5dae-u2 | ...........................................................
2026-03-11 05:38:06,423 | INFO  | Job:46b9c313-fa40-4856-92f7-7ecd85eb5dae-u2 | ............................................................
2026-03-11 05:38:24,670 | INFO  | Job:46b9c313-fa40-4856-92f7-7ecd85eb5dae-u2 | .............................................................
2026-03-11 05:38:43,543 | INFO  | Job:46b9c313-fa40-4856-92f7-7ecd85eb5dae-u2 | ..............................................................
2026-03-11 05:39:01,849 | INFO  | Job:46b9c313-fa40-4856-92f7-7ecd85eb5dae-u2 | ...............................................................
2026-03-11 05:39:21,100 | INFO  | Job:46b9c313-fa40-4856-92f7-7ecd85eb5dae-u2 | ................................................................
2026-03-11 05:39:39,398 | INFO  | Job:46b9c313-fa40-4856-92f7-7ecd85eb5dae-u2 | .................................................................
2026-03-11 05:40:00,104 | INFO  | Job:46b9c313-fa40-4856-92f7-7ecd85eb5dae-u2 | ..................................................................
2026-03-11 05:40:20,204 | INFO  | Job:46b9c313-fa40-4856-92f7-7ecd85eb5dae-u2 | ...................................................................
2026-03-11 05:40:40,972 | INFO  | Job:46b9c313-fa40-4856-92f7-7ecd85eb5dae-u2 | ....................................................................
2026-03-11 05:41:02,863 | INFO  | Job:46b9c313-fa40-4856-92f7-7ecd85eb5dae-u2 | .....................................................................
2026-03-11 05:41:21,563 | INFO  | Job:46b9c313-fa40-4856-92f7-7ecd85eb5dae-u2 | ......................................................................
2026-03-11 05:41:39,623 | INFO  | Job:46b9c313-fa40-4856-92f7-7ecd85eb5dae-u2 | .......................................................................
2026-03-11 05:42:00,140 | INFO  | Job:46b9c313-fa40-4856-92f7-7ecd85eb5dae-u2 | ........................................................................
2026-03-11 05:42:23,113 | INFO  | Job:46b9c313-fa40-4856-92f7-7ecd85eb5dae-u2 | .........................................................................
2026-03-11 05:42:40,430 | INFO  | Job:46b9c313-fa40-4856-92f7-7ecd85eb5dae-u2 | ..........................................................................
2026-03-11 05:43:01,027 | INFO  | Job:46b9c313-fa40-4856-92f7-7ecd85eb5dae-u2 | ...........................................................................
2026-03-11 05:43:22,196 | INFO  | Job:46b9c313-fa40-4856-92f7-7ecd85eb5dae-u2 | ............................................................................
2026-03-11 05:43:42,089 | INFO  | Job:46b9c313-fa40-4856-92f7-7ecd85eb5dae-u2 | .............................................................................
2026-03-11 05:44:03,652 | INFO  | Job:46b9c313-fa40-4856-92f7-7ecd85eb5dae-u2 | ..............................................................................
2026-03-11 05:44:25,771 | INFO  | Job:46b9c313-fa40-4856-92f7-7ecd85eb5dae-u2 | ...............................................................................
2026-03-11 05:44:46,879 | INFO  | Job:46b9c313-fa40-4856-92f7-7ecd85eb5dae-u2 | ................................................................................
2026-03-11 05:45:05,030 | INFO  | Job:46b9c313-fa40-4856-92f7-7ecd85eb5dae-u2 | .................................................................................
2026-03-11 05:45:23,388 | INFO  | Job:46b9c313-fa40-4856-92f7-7ecd85eb5dae-u2 | ..................................................................................
2026-03-11 05:45:46,749 | INFO  | Job:46b9c313-fa40-4856-92f7-7ecd85eb5dae-u2 | ...................................................................................
2026-03-11 05:46:05,466 | INFO  | Job:46b9c313-fa40-4856-92f7-7ecd85eb5dae-u2 | ....................................................................................
2026-03-11 05:46:24,636 | INFO  | Job:46b9c313-fa40-4856-92f7-7ecd85eb5dae-u2 | .....................................................................................
2026-03-11 05:46:46,329 | INFO  | Job:46b9c313-fa40-4856-92f7-7ecd85eb5dae-u2 | ......................................................................................
2026-03-11 05:47:06,979 | INFO  | Job:46b9c313-fa40-4856-92f7-7ecd85eb5dae-u2 | .......................................................................................
2026-03-11 05:47:27,195 | INFO  | Job:46b9c313-fa40-4856-92f7-7ecd85eb5dae-u2 | ........................................................................................
2026-03-11 05:47:50,340 | INFO  | Job:46b9c313-fa40-4856-92f7-7ecd85eb5dae-u2 | .........................................................................................
2026-03-11 05:48:11,691 | INFO  | Job:46b9c313-fa40-4856-92f7-7ecd85eb5dae-u2 | ..........................................................................................
2026-03-11 05:48:30,125 | INFO  | Job:46b9c313-fa40-4856-92f7-7ecd85eb5dae-u2 | ...........................................................................................
2026-03-11 05:48:51,459 | INFO  | Job:46b9c313-fa40-4856-92f7-7ecd85eb5dae-u2 | ............................................................................................
2026-03-11 05:49:14,276 | INFO  | Job:46b9c313-fa40-4856-92f7-7ecd85eb5dae-u2 | .............................................................................................
2026-03-11 05:49:33,232 | INFO  | Job:46b9c313-fa40-4856-92f7-7ecd85eb5dae-u2 | ..............................................................................................
2026-03-11 05:49:52,934 | INFO  | Job:46b9c313-fa40-4856-92f7-7ecd85eb5dae-u2 | ...............................................................................................
2026-03-11 05:50:12,767 | INFO  | Job:46b9c313-fa40-4856-92f7-7ecd85eb5dae-u2 | ................................................................................................
2026-03-11 05:50:30,768 | INFO  | Job:46b9c313-fa40-4856-92f7-7ecd85eb5dae-u2 | .................................................................................................
2026-03-11 05:50:53,080 | INFO  | Job:46b9c313-fa40-4856-92f7-7ecd85eb5dae-u2 | ..................................................................................................
2026-03-11 05:51:13,562 | INFO  | Job:46b9c313-fa40-4856-92f7-7ecd85eb5dae-u2 | ...................................................................................................
2026-03-11 05:51:31,037 | INFO  | Job:46b9c313-fa40-4856-92f7-7ecd85eb5dae-u2 | ....................................................................................................
2026-03-11 05:51:50,341 | INFO  | Job:46b9c313-fa40-4856-92f7-7ecd85eb5dae-u2 | .....................................................................................................
2026-03-11 05:52:10,136 | INFO  | Job:46b9c313-fa40-4856-92f7-7ecd85eb5dae-u2 | ......................................................................................................
2026-03-11 05:52:27,040 | INFO  | Job:46b9c313-fa40-4856-92f7-7ecd85eb5dae-u2 | .......................................................................................................
2026-03-11 05:52:48,370 | INFO  | Job:46b9c313-fa40-4856-92f7-7ecd85eb5dae-u2 | ........................................................................................................
2026-03-11 05:53:10,306 | INFO  | Job:46b9c313-fa40-4856-92f7-7ecd85eb5dae-u2 | .........................................................................................................
2026-03-11 05:53:31,762 | INFO  | Job:46b9c313-fa40-4856-92f7-7ecd85eb5dae-u2 | ..........................................................................................................
2026-03-11 05:53:49,833 | INFO  | Job:46b9c313-fa40-4856-92f7-7ecd85eb5dae-u2 | ...........................................................................................................
2026-03-11 05:54:11,469 | INFO  | Job:46b9c313-fa40-4856-92f7-7ecd85eb5dae-u2 | ............................................................................................................
2026-03-11 05:54:29,386 | INFO  | Job:46b9c313-fa40-4856-92f7-7ecd85eb5dae-u2 | .............................................................................................................
2026-03-11 05:54:47,769 | INFO  | Job:46b9c313-fa40-4856-92f7-7ecd85eb5dae-u2 | ..............................................................................................................
2026-03-11 05:55:09,392 | INFO  | Job:46b9c313-fa40-4856-92f7-7ecd85eb5dae-u2 | ...............................................................................................................
2026-03-11 05:55:30,373 | INFO  | Job:46b9c313-fa40-4856-92f7-7ecd85eb5dae-u2 | ................................................................................................................
2026-03-11 05:55:48,605 | INFO  | Job:46b9c313-fa40-4856-92f7-7ecd85eb5dae-u2 | .................................................................................................................
2026-03-11 05:56:11,189 | INFO  | Job:46b9c313-fa40-4856-92f7-7ecd85eb5dae-u2 | ..................................................................................................................
2026-03-11 05:56:30,264 | INFO  | Job:46b9c313-fa40-4856-92f7-7ecd85eb5dae-u2 | ...................................................................................................................
2026-03-11 05:56:49,884 | INFO  | Job:46b9c313-fa40-4856-92f7-7ecd85eb5dae-u2 | ....................................................................................................................
2026-03-11 05:57:12,301 | INFO  | Job:46b9c313-fa40-4856-92f7-7ecd85eb5dae-u2 | .....................................................................................................................
2026-03-11 05:57:33,166 | INFO  | Job:46b9c313-fa40-4856-92f7-7ecd85eb5dae-u2 | ......................................................................................................................
2026-03-11 05:57:49,597 | INFO  | Job:46b9c313-fa40-4856-92f7-7ecd85eb5dae-u2 | .......................................................................................................................
2026-03-11 05:58:08,299 | INFO  | Job:46b9c313-fa40-4856-92f7-7ecd85eb5dae-u2 | ........................................................................................................................
2026-03-11 05:58:28,825 | INFO  | Job:46b9c313-fa40-4856-92f7-7ecd85eb5dae-u2 | .........................................................................................................................
2026-03-11 05:58:48,783 | INFO  | Job:46b9c313-fa40-4856-92f7-7ecd85eb5dae-u2 | ..........................................................................................................................
2026-03-11 05:59:06,288 | INFO  | Job:46b9c313-fa40-4856-92f7-7ecd85eb5dae-u2 | ...........................................................................................................................
2026-03-11 05:59:26,055 | INFO  | Job:46b9c313-fa40-4856-92f7-7ecd85eb5dae-u2 | ............................................................................................................................
2026-03-11 05:59:44,676 | INFO  | Job:46b9c313-fa40-4856-92f7-7ecd85eb5dae-u2 | .............................................................................................................................
2026-03-11 06:00:02,610 | INFO  | Job:46b9c313-fa40-4856-92f7-7ecd85eb5dae-u2 | ..............................................................................................................................
2026-03-11 06:00:24,331 | INFO  | Job:46b9c313-fa40-4856-92f7-7ecd85eb5dae-u2 | ...............................................................................................................................
2026-03-11 06:00:44,573 | INFO  | Job:46b9c313-fa40-4856-92f7-7ecd85eb5dae-u2 | ................................................................................................................................
2026-03-11 06:01:04,599 | INFO  | Job:46b9c313-fa40-4856-92f7-7ecd85eb5dae-u2 | .................................................................................................................................
2026-03-11 06:01:23,588 | INFO  | Job:46b9c313-fa40-4856-92f7-7ecd85eb5dae-u2 | ..................................................................................................................................
2026-03-11 06:01:42,239 | INFO  | Job:46b9c313-fa40-4856-92f7-7ecd85eb5dae-u2 | ...................................................................................................................................
2026-03-11 06:02:00,617 | INFO  | Job:46b9c313-fa40-4856-92f7-7ecd85eb5dae-u2 | ....................................................................................................................................
2026-03-11 06:02:20,872 | INFO  | Job:46b9c313-fa40-4856-92f7-7ecd85eb5dae-u2 | .....................................................................................................................................
2026-03-11 06:02:42,078 | INFO  | Job:46b9c313-fa40-4856-92f7-7ecd85eb5dae-u2 | ......................................................................................................................................
2026-03-11 06:03:00,408 | INFO  | Job:46b9c313-fa40-4856-92f7-7ecd85eb5dae-u2 | .......................................................................................................................................
2026-03-11 06:03:18,502 | INFO  | Job:46b9c313-fa40-4856-92f7-7ecd85eb5dae-u2 | ........................................................................................................................................
2026-03-11 06:03:36,348 | INFO  | Job:46b9c313-fa40-4856-92f7-7ecd85eb5dae-u2 | .........................................................................................................................................
2026-03-11 06:03:56,657 | INFO  | Job:46b9c313-fa40-4856-92f7-7ecd85eb5dae-u2 | ..........................................................................................................................................
2026-03-11 06:04:15,821 | INFO  | Job:46b9c313-fa40-4856-92f7-7ecd85eb5dae-u2 | ...........................................................................................................................................
2026-03-11 06:04:34,932 | INFO  | Job:46b9c313-fa40-4856-92f7-7ecd85eb5dae-u2 | ............................................................................................................................................
2026-03-11 06:04:56,234 | INFO  | Job:46b9c313-fa40-4856-92f7-7ecd85eb5dae-u2 | .............................................................................................................................................
2026-03-11 06:05:15,902 | INFO  | Job:46b9c313-fa40-4856-92f7-7ecd85eb5dae-u2 | ..............................................................................................................................................
2026-03-11 06:05:37,008 | INFO  | Job:46b9c313-fa40-4856-92f7-7ecd85eb5dae-u2 | ...............................................................................................................................................
2026-03-11 06:05:56,492 | INFO  | Job:46b9c313-fa40-4856-92f7-7ecd85eb5dae-u2 | ................................................................................................................................................
2026-03-11 06:06:18,110 | INFO  | Job:46b9c313-fa40-4856-92f7-7ecd85eb5dae-u2 | .................................................................................................................................................
2026-03-11 06:06:37,189 | INFO  | Job:46b9c313-fa40-4856-92f7-7ecd85eb5dae-u2 | ..................................................................................................................................................
2026-03-11 06:06:59,885 | INFO  | Job:46b9c313-fa40-4856-92f7-7ecd85eb5dae-u2 | ...................................................................................................................................................
2026-03-11 06:07:19,171 | INFO  | Job:46b9c313-fa40-4856-92f7-7ecd85eb5dae-u2 | ....................................................................................................................................................
2026-03-11 06:07:36,363 | INFO  | Job:46b9c313-fa40-4856-92f7-7ecd85eb5dae-u2 | .....................................................................................................................................................
2026-03-11 06:07:54,826 | INFO  | Job:46b9c313-fa40-4856-92f7-7ecd85eb5dae-u2 | ......................................................................................................................................................
2026-03-11 06:08:15,211 | INFO  | Job:46b9c313-fa40-4856-92f7-7ecd85eb5dae-u2 | .......................................................................................................................................................
2026-03-11 06:08:37,363 | INFO  | Job:46b9c313-fa40-4856-92f7-7ecd85eb5dae-u2 | ........................................................................................................................................................
2026-03-11 06:08:57,442 | INFO  | Job:46b9c313-fa40-4856-92f7-7ecd85eb5dae-u2 | .........................................................................................................................................................
2026-03-11 06:09:18,695 | INFO  | Job:46b9c313-fa40-4856-92f7-7ecd85eb5dae-u2 | ..........................................................................................................................................................
2026-03-11 06:09:36,597 | INFO  | Job:46b9c313-fa40-4856-92f7-7ecd85eb5dae-u2 | ...........................................................................................................................................................
2026-03-11 06:09:56,429 | INFO  | Job:46b9c313-fa40-4856-92f7-7ecd85eb5dae-u2 | ............................................................................................................................................................
2026-03-11 06:10:18,029 | INFO  | Job:46b9c313-fa40-4856-92f7-7ecd85eb5dae-u2 | .............................................................................................................................................................
2026-03-11 06:10:41,127 | INFO  | Job:46b9c313-fa40-4856-92f7-7ecd85eb5dae-u2 | ..............................................................................................................................................................
2026-03-11 06:10:59,311 | INFO  | Job:46b9c313-fa40-4856-92f7-7ecd85eb5dae-u2 | ...............................................................................................................................................................
2026-03-11 06:11:22,413 | INFO  | Job:46b9c313-fa40-4856-92f7-7ecd85eb5dae-u2 | ................................................................................................................................................................
2026-03-11 06:11:40,010 | INFO  | Job:46b9c313-fa40-4856-92f7-7ecd85eb5dae-u2 | .................................................................................................................................................................
2026-03-11 06:12:03,274 | INFO  | Job:46b9c313-fa40-4856-92f7-7ecd85eb5dae-u2 | ..................................................................................................................................................................
2026-03-11 06:12:22,257 | INFO  | Job:46b9c313-fa40-4856-92f7-7ecd85eb5dae-u2 | ...................................................................................................................................................................
2026-03-11 06:12:40,019 | INFO  | Job:46b9c313-fa40-4856-92f7-7ecd85eb5dae-u2 | ....................................................................................................................................................................
2026-03-11 06:13:00,866 | INFO  | Job:46b9c313-fa40-4856-92f7-7ecd85eb5dae-u2 | .....................................................................................................................................................................
2026-03-11 06:13:23,214 | INFO  | Job:46b9c313-fa40-4856-92f7-7ecd85eb5dae-u2 | ......................................................................................................................................................................
2026-03-11 06:13:43,381 | INFO  | Job:46b9c313-fa40-4856-92f7-7ecd85eb5dae-u2 | .......................................................................................................................................................................
2026-03-11 06:14:01,733 | INFO  | Job:46b9c313-fa40-4856-92f7-7ecd85eb5dae-u2 | ........................................................................................................................................................................
2026-03-11 06:14:23,893 | INFO  | Job:46b9c313-fa40-4856-92f7-7ecd85eb5dae-u2 | .........................................................................................................................................................................
2026-03-11 06:14:44,383 | INFO  | Job:46b9c313-fa40-4856-92f7-7ecd85eb5dae-u2 | ..........................................................................................................................................................................
2026-03-11 06:15:04,557 | INFO  | Job:46b9c313-fa40-4856-92f7-7ecd85eb5dae-u2 | ...........................................................................................................................................................................
2026-03-11 06:15:24,175 | INFO  | Job:46b9c313-fa40-4856-92f7-7ecd85eb5dae-u2 | ............................................................................................................................................................................
2026-03-11 06:15:46,104 | INFO  | Job:46b9c313-fa40-4856-92f7-7ecd85eb5dae-u2 | .............................................................................................................................................................................
2026-03-11 06:16:08,034 | INFO  | Job:46b9c313-fa40-4856-92f7-7ecd85eb5dae-u2 | ..............................................................................................................................................................................
2026-03-11 06:16:27,525 | INFO  | Job:46b9c313-fa40-4856-92f7-7ecd85eb5dae-u2 | ...............................................................................................................................................................................
2026-03-11 06:16:46,693 | INFO  | Job:46b9c313-fa40-4856-92f7-7ecd85eb5dae-u2 | ................................................................................................................................................................................
2026-03-11 06:17:04,232 | INFO  | Job:46b9c313-fa40-4856-92f7-7ecd85eb5dae-u2 | .................................................................................................................................................................................
2026-03-11 06:17:25,999 | INFO  | Job:46b9c313-fa40-4856-92f7-7ecd85eb5dae-u2 | ..................................................................................................................................................................................
2026-03-11 06:17:44,657 | INFO  | Job:46b9c313-fa40-4856-92f7-7ecd85eb5dae-u2 | ...................................................................................................................................................................................
2026-03-11 06:18:05,157 | INFO  | Job:46b9c313-fa40-4856-92f7-7ecd85eb5dae-u2 | ....................................................................................................................................................................................
2026-03-11 06:18:25,043 | INFO  | Job:46b9c313-fa40-4856-92f7-7ecd85eb5dae-u2 | .....................................................................................................................................................................................
2026-03-11 06:18:47,260 | INFO  | Job:46b9c313-fa40-4856-92f7-7ecd85eb5dae-u2 | ......................................................................................................................................................................................
2026-03-11 06:19:06,439 | INFO  | Job:46b9c313-fa40-4856-92f7-7ecd85eb5dae-u2 | .......................................................................................................................................................................................
2026-03-11 06:19:25,384 | INFO  | Job:46b9c313-fa40-4856-92f7-7ecd85eb5dae-u2 | ........................................................................................................................................................................................
2026-03-11 06:19:47,244 | INFO  | Job:46b9c313-fa40-4856-92f7-7ecd85eb5dae-u2 | .........................................................................................................................................................................................
2026-03-11 06:20:11,406 | INFO  | Job:46b9c313-fa40-4856-92f7-7ecd85eb5dae-u2 | ..........................................................................................................................................................................................
2026-03-11 06:20:31,508 | INFO  | Job:46b9c313-fa40-4856-92f7-7ecd85eb5dae-u2 | ...........................................................................................................................................................................................
2026-03-11 06:20:50,599 | INFO  | Job:46b9c313-fa40-4856-92f7-7ecd85eb5dae-u2 | ............................................................................................................................................................................................
2026-03-11 06:21:10,574 | INFO  | Job:46b9c313-fa40-4856-92f7-7ecd85eb5dae-u2 | .............................................................................................................................................................................................
2026-03-11 06:21:30,887 | INFO  | Job:46b9c313-fa40-4856-92f7-7ecd85eb5dae-u2 | ..............................................................................................................................................................................................
2026-03-11 06:21:53,140 | INFO  | Job:46b9c313-fa40-4856-92f7-7ecd85eb5dae-u2 | ...............................................................................................................................................................................................
2026-03-11 06:22:13,515 | INFO  | Job:46b9c313-fa40-4856-92f7-7ecd85eb5dae-u2 | ................................................................................................................................................................................................
2026-03-11 06:22:33,151 | INFO  | Job:46b9c313-fa40-4856-92f7-7ecd85eb5dae-u2 | .................................................................................................................................................................................................
2026-03-11 06:22:55,370 | INFO  | Job:46b9c313-fa40-4856-92f7-7ecd85eb5dae-u2 | ..................................................................................................................................................................................................
2026-03-11 06:23:15,323 | INFO  | Job:46b9c313-fa40-4856-92f7-7ecd85eb5dae-u2 | ...................................................................................................................................................................................................
2026-03-11 06:23:34,794 | INFO  | Job:46b9c313-fa40-4856-92f7-7ecd85eb5dae-u2 | ....................................................................................................................................................................................................
2026-03-11 06:23:54,119 | INFO  | Job:46b9c313-fa40-4856-92f7-7ecd85eb5dae-u2 | .....................................................................................................................................................................................................
2026-03-11 06:24:14,225 | INFO  | Job:46b9c313-fa40-4856-92f7-7ecd85eb5dae-u2 | ......................................................................................................................................................................................................
2026-03-11 06:24:33,835 | INFO  | Job:46b9c313-fa40-4856-92f7-7ecd85eb5dae-u2 | .......................................................................................................................................................................................................
2026-03-11 06:24:54,361 | INFO  | Job:46b9c313-fa40-4856-92f7-7ecd85eb5dae-u2 | ........................................................................................................................................................................................................
2026-03-11 06:25:12,883 | INFO  | Job:46b9c313-fa40-4856-92f7-7ecd85eb5dae-u2 | .........................................................................................................................................................................................................
2026-03-11 06:25:33,049 | INFO  | Job:46b9c313-fa40-4856-92f7-7ecd85eb5dae-u2 | ..........................................................................................................................................................................................................
2026-03-11 06:25:54,878 | INFO  | Job:46b9c313-fa40-4856-92f7-7ecd85eb5dae-u2 | ...........................................................................................................................................................................................................
2026-03-11 06:26:14,136 | INFO  | Job:46b9c313-fa40-4856-92f7-7ecd85eb5dae-u2 | ............................................................................................................................................................................................................
2026-03-11 06:26:34,182 | INFO  | Job:46b9c313-fa40-4856-92f7-7ecd85eb5dae-u2 | .............................................................................................................................................................................................................
2026-03-11 06:26:55,961 | INFO  | Job:46b9c313-fa40-4856-92f7-7ecd85eb5dae-u2 | ..............................................................................................................................................................................................................
2026-03-11 06:27:15,732 | INFO  | Job:46b9c313-fa40-4856-92f7-7ecd85eb5dae-u2 | ...............................................................................................................................................................................................................
