Starting BPA H100 All-In-One Experiments
2026-03-11 06:29:49,952 | INFO  | LiveServerless:jez9vh408sxwue | API /run
2026-03-11 06:29:50,090 | INFO  | LiveServerless:jez9vh408sxwue | Started Job:f8d05f98-e52d-4d4c-9232-3fd08f8e9879-u2
2026-03-11 06:29:50,180 | INFO  | Job:f8d05f98-e52d-4d4c-9232-3fd08f8e9879-u2 | Status: IN_QUEUE
2026-03-11 06:29:50,654 | INFO  | Job:f8d05f98-e52d-4d4c-9232-3fd08f8e9879-u2 | .
2026-03-11 06:29:52,109 | INFO  | Job:f8d05f98-e52d-4d4c-9232-3fd08f8e9879-u2 | ..
2026-03-11 06:29:57,159 | INFO  | Job:f8d05f98-e52d-4d4c-9232-3fd08f8e9879-u2 | ...
2026-03-11 06:30:11,730 | INFO  | Job:f8d05f98-e52d-4d4c-9232-3fd08f8e9879-u2 | ....
2026-03-11 06:30:28,996 | INFO  | Job:f8d05f98-e52d-4d4c-9232-3fd08f8e9879-u2 | .....
2026-03-11 06:30:52,559 | INFO  | Job:f8d05f98-e52d-4d4c-9232-3fd08f8e9879-u2 | ......
2026-03-11 06:31:15,526 | INFO  | Job:f8d05f98-e52d-4d4c-9232-3fd08f8e9879-u2 | .......
2026-03-11 06:31:35,636 | INFO  | Job:f8d05f98-e52d-4d4c-9232-3fd08f8e9879-u2 | ........
2026-03-11 06:31:55,751 | INFO  | Job:f8d05f98-e52d-4d4c-9232-3fd08f8e9879-u2 | .........
2026-03-11 06:32:15,976 | INFO  | Job:f8d05f98-e52d-4d4c-9232-3fd08f8e9879-u2 | ..........
2026-03-11 06:32:35,955 | INFO  | Job:f8d05f98-e52d-4d4c-9232-3fd08f8e9879-u2 | ...........
2026-03-11 06:32:56,418 | INFO  | Job:f8d05f98-e52d-4d4c-9232-3fd08f8e9879-u2 | ............
2026-03-11 06:33:16,898 | INFO  | Job:f8d05f98-e52d-4d4c-9232-3fd08f8e9879-u2 | .............
2026-03-11 06:33:35,699 | INFO  | Job:f8d05f98-e52d-4d4c-9232-3fd08f8e9879-u2 | ..............
2026-03-11 06:33:56,085 | INFO  | Job:f8d05f98-e52d-4d4c-9232-3fd08f8e9879-u2 | ...............
2026-03-11 06:34:15,000 | INFO  | Job:f8d05f98-e52d-4d4c-9232-3fd08f8e9879-u2 | ................
2026-03-11 06:34:36,358 | INFO  | Job:f8d05f98-e52d-4d4c-9232-3fd08f8e9879-u2 | .................
2026-03-11 06:34:55,994 | INFO  | Job:f8d05f98-e52d-4d4c-9232-3fd08f8e9879-u2 | ..................
2026-03-11 06:35:17,470 | INFO  | Job:f8d05f98-e52d-4d4c-9232-3fd08f8e9879-u2 | ...................
2026-03-11 06:35:37,204 | INFO  | Job:f8d05f98-e52d-4d4c-9232-3fd08f8e9879-u2 | ....................
2026-03-11 06:35:54,465 | INFO  | Job:f8d05f98-e52d-4d4c-9232-3fd08f8e9879-u2 | .....................
2026-03-11 06:36:15,443 | INFO  | Job:f8d05f98-e52d-4d4c-9232-3fd08f8e9879-u2 | ......................
2026-03-11 06:36:32,263 | INFO  | Job:f8d05f98-e52d-4d4c-9232-3fd08f8e9879-u2 | .......................
2026-03-11 06:36:52,076 | INFO  | Job:f8d05f98-e52d-4d4c-9232-3fd08f8e9879-u2 | ........................
2026-03-11 06:37:10,961 | INFO  | Job:f8d05f98-e52d-4d4c-9232-3fd08f8e9879-u2 | .........................
2026-03-11 06:37:34,085 | INFO  | Job:f8d05f98-e52d-4d4c-9232-3fd08f8e9879-u2 | ..........................
2026-03-11 06:37:57,564 | INFO  | Job:f8d05f98-e52d-4d4c-9232-3fd08f8e9879-u2 | ...........................
2026-03-11 06:38:19,004 | INFO  | Job:f8d05f98-e52d-4d4c-9232-3fd08f8e9879-u2 | ............................
2026-03-11 06:38:41,952 | INFO  | Job:f8d05f98-e52d-4d4c-9232-3fd08f8e9879-u2 | .............................
2026-03-11 06:39:01,055 | INFO  | Job:f8d05f98-e52d-4d4c-9232-3fd08f8e9879-u2 | ..............................
2026-03-11 06:39:23,251 | INFO  | Job:f8d05f98-e52d-4d4c-9232-3fd08f8e9879-u2 | ...............................
2026-03-11 06:39:43,547 | INFO  | Job:f8d05f98-e52d-4d4c-9232-3fd08f8e9879-u2 | ................................
2026-03-11 06:40:05,346 | INFO  | Job:f8d05f98-e52d-4d4c-9232-3fd08f8e9879-u2 | .................................
2026-03-11 06:40:28,163 | INFO  | Job:f8d05f98-e52d-4d4c-9232-3fd08f8e9879-u2 | ..................................
2026-03-11 06:40:50,470 | INFO  | Job:f8d05f98-e52d-4d4c-9232-3fd08f8e9879-u2 | ...................................
2026-03-11 06:41:08,062 | INFO  | Job:f8d05f98-e52d-4d4c-9232-3fd08f8e9879-u2 | ....................................
2026-03-11 06:41:27,977 | INFO  | Job:f8d05f98-e52d-4d4c-9232-3fd08f8e9879-u2 | .....................................
2026-03-11 06:41:49,200 | INFO  | Job:f8d05f98-e52d-4d4c-9232-3fd08f8e9879-u2 | ......................................
2026-03-11 06:42:11,148 | INFO  | Job:f8d05f98-e52d-4d4c-9232-3fd08f8e9879-u2 | .......................................
