Starting BPA H100 All-In-One Experiments
2026-03-11 06:55:26,380 | INFO  | LiveServerless:r32u9vxqo4q2q1 | API /run
2026-03-11 06:55:26,544 | INFO  | LiveServerless:r32u9vxqo4q2q1 | Started Job:9fbd7b45-c51c-40d5-979e-26ccd62ac07b-u2
2026-03-11 06:55:26,630 | INFO  | Job:9fbd7b45-c51c-40d5-979e-26ccd62ac07b-u2 | Status: IN_QUEUE
2026-03-11 06:55:27,108 | INFO  | Job:9fbd7b45-c51c-40d5-979e-26ccd62ac07b-u2 | .
2026-03-11 06:55:28,459 | INFO  | Job:9fbd7b45-c51c-40d5-979e-26ccd62ac07b-u2 | ..
2026-03-11 06:55:33,285 | INFO  | Job:9fbd7b45-c51c-40d5-979e-26ccd62ac07b-u2 | ...
2026-03-11 06:55:51,355 | INFO  | Job:9fbd7b45-c51c-40d5-979e-26ccd62ac07b-u2 | ....
2026-03-11 06:56:15,094 | INFO  | Job:9fbd7b45-c51c-40d5-979e-26ccd62ac07b-u2 | .....
2026-03-11 06:56:34,513 | INFO  | Job:9fbd7b45-c51c-40d5-979e-26ccd62ac07b-u2 | ......
2026-03-11 06:56:51,775 | INFO  | Job:9fbd7b45-c51c-40d5-979e-26ccd62ac07b-u2 | .......
2026-03-11 06:57:11,337 | INFO  | Job:9fbd7b45-c51c-40d5-979e-26ccd62ac07b-u2 | ........
2026-03-11 06:57:33,305 | INFO  | Job:9fbd7b45-c51c-40d5-979e-26ccd62ac07b-u2 | .........
2026-03-11 06:57:54,941 | INFO  | Job:9fbd7b45-c51c-40d5-979e-26ccd62ac07b-u2 | ..........
2026-03-11 06:58:17,294 | INFO  | Job:9fbd7b45-c51c-40d5-979e-26ccd62ac07b-u2 | ...........
2026-03-11 06:58:37,237 | INFO  | Job:9fbd7b45-c51c-40d5-979e-26ccd62ac07b-u2 | ............
2026-03-11 06:58:57,372 | INFO  | Job:9fbd7b45-c51c-40d5-979e-26ccd62ac07b-u2 | .............
2026-03-11 06:59:18,288 | INFO  | Job:9fbd7b45-c51c-40d5-979e-26ccd62ac07b-u2 | ..............
2026-03-11 06:59:36,869 | INFO  | Job:9fbd7b45-c51c-40d5-979e-26ccd62ac07b-u2 | ...............
2026-03-11 06:59:58,272 | INFO  | Job:9fbd7b45-c51c-40d5-979e-26ccd62ac07b-u2 | ................
2026-03-11 07:00:16,766 | INFO  | Job:9fbd7b45-c51c-40d5-979e-26ccd62ac07b-u2 | .................
2026-03-11 07:00:37,314 | INFO  | Job:9fbd7b45-c51c-40d5-979e-26ccd62ac07b-u2 | ..................
2026-03-11 07:00:57,774 | INFO  | Job:9fbd7b45-c51c-40d5-979e-26ccd62ac07b-u2 | ...................
2026-03-11 07:01:16,603 | INFO  | Job:9fbd7b45-c51c-40d5-979e-26ccd62ac07b-u2 | ....................
2026-03-11 07:01:38,837 | INFO  | Job:9fbd7b45-c51c-40d5-979e-26ccd62ac07b-u2 | .....................
2026-03-11 07:02:01,962 | INFO  | Job:9fbd7b45-c51c-40d5-979e-26ccd62ac07b-u2 | ......................
2026-03-11 07:02:21,843 | INFO  | Job:9fbd7b45-c51c-40d5-979e-26ccd62ac07b-u2 | .......................
2026-03-11 07:02:41,503 | INFO  | Job:9fbd7b45-c51c-40d5-979e-26ccd62ac07b-u2 | ........................
2026-03-11 07:03:03,156 | INFO  | Job:9fbd7b45-c51c-40d5-979e-26ccd62ac07b-u2 | .........................
2026-03-11 07:03:22,671 | INFO  | Job:9fbd7b45-c51c-40d5-979e-26ccd62ac07b-u2 | ..........................
2026-03-11 07:03:40,105 | INFO  | Job:9fbd7b45-c51c-40d5-979e-26ccd62ac07b-u2 | ...........................
2026-03-11 07:03:59,281 | INFO  | Job:9fbd7b45-c51c-40d5-979e-26ccd62ac07b-u2 | ............................
2026-03-11 07:04:22,500 | INFO  | Job:9fbd7b45-c51c-40d5-979e-26ccd62ac07b-u2 | .............................
2026-03-11 07:04:39,892 | INFO  | Job:9fbd7b45-c51c-40d5-979e-26ccd62ac07b-u2 | ..............................
2026-03-11 07:05:02,424 | INFO  | Job:9fbd7b45-c51c-40d5-979e-26ccd62ac07b-u2 | ...............................
2026-03-11 07:05:20,528 | INFO  | Job:9fbd7b45-c51c-40d5-979e-26ccd62ac07b-u2 | ................................
2026-03-11 07:05:42,284 | INFO  | Job:9fbd7b45-c51c-40d5-979e-26ccd62ac07b-u2 | .................................
2026-03-11 07:06:01,231 | INFO  | Job:9fbd7b45-c51c-40d5-979e-26ccd62ac07b-u2 | ..................................
2026-03-11 07:06:21,491 | INFO  | Job:9fbd7b45-c51c-40d5-979e-26ccd62ac07b-u2 | ...................................
2026-03-11 07:06:43,624 | INFO  | Job:9fbd7b45-c51c-40d5-979e-26ccd62ac07b-u2 | ....................................
2026-03-11 07:07:05,133 | INFO  | Job:9fbd7b45-c51c-40d5-979e-26ccd62ac07b-u2 | .....................................
2026-03-11 07:07:24,401 | INFO  | Job:9fbd7b45-c51c-40d5-979e-26ccd62ac07b-u2 | ......................................
2026-03-11 07:07:45,347 | INFO  | Job:9fbd7b45-c51c-40d5-979e-26ccd62ac07b-u2 | .......................................
2026-03-11 07:08:04,366 | INFO  | Job:9fbd7b45-c51c-40d5-979e-26ccd62ac07b-u2 | ........................................
2026-03-11 07:08:24,214 | INFO  | Job:9fbd7b45-c51c-40d5-979e-26ccd62ac07b-u2 | .........................................
2026-03-11 07:08:42,299 | INFO  | Job:9fbd7b45-c51c-40d5-979e-26ccd62ac07b-u2 | ..........................................
2026-03-11 07:09:01,730 | INFO  | Job:9fbd7b45-c51c-40d5-979e-26ccd62ac07b-u2 | ...........................................
2026-03-11 07:09:21,666 | INFO  | Job:9fbd7b45-c51c-40d5-979e-26ccd62ac07b-u2 | ............................................
2026-03-11 07:09:45,164 | INFO  | Job:9fbd7b45-c51c-40d5-979e-26ccd62ac07b-u2 | .............................................
2026-03-11 07:10:07,012 | INFO  | Job:9fbd7b45-c51c-40d5-979e-26ccd62ac07b-u2 | ..............................................
2026-03-11 07:10:28,107 | INFO  | Job:9fbd7b45-c51c-40d5-979e-26ccd62ac07b-u2 | ...............................................
2026-03-11 07:10:51,050 | INFO  | Job:9fbd7b45-c51c-40d5-979e-26ccd62ac07b-u2 | ................................................
2026-03-11 07:11:13,836 | INFO  | Job:9fbd7b45-c51c-40d5-979e-26ccd62ac07b-u2 | .................................................
2026-03-11 07:11:31,516 | INFO  | Job:9fbd7b45-c51c-40d5-979e-26ccd62ac07b-u2 | ..................................................
2026-03-11 07:11:55,385 | INFO  | Job:9fbd7b45-c51c-40d5-979e-26ccd62ac07b-u2 | ...................................................
2026-03-11 07:12:13,991 | INFO  | Job:9fbd7b45-c51c-40d5-979e-26ccd62ac07b-u2 | ....................................................
2026-03-11 07:12:34,623 | INFO  | Job:9fbd7b45-c51c-40d5-979e-26ccd62ac07b-u2 | .....................................................
