Starting BPA H100 All-In-One Experiments
2026-03-11 06:42:51,552 | INFO  | LiveServerless:1iawflg6jjsk14 | API /run
2026-03-11 06:42:51,747 | INFO  | LiveServerless:1iawflg6jjsk14 | Started Job:b5fb6f28-888f-4061-8bc2-900ac6dbaf3e-u2
2026-03-11 06:42:51,860 | INFO  | Job:b5fb6f28-888f-4061-8bc2-900ac6dbaf3e-u2 | Status: IN_QUEUE
2026-03-11 06:42:52,334 | INFO  | Job:b5fb6f28-888f-4061-8bc2-900ac6dbaf3e-u2 | .
2026-03-11 06:42:53,582 | INFO  | Job:b5fb6f28-888f-4061-8bc2-900ac6dbaf3e-u2 | ..
2026-03-11 06:42:58,587 | INFO  | Job:b5fb6f28-888f-4061-8bc2-900ac6dbaf3e-u2 | ...
2026-03-11 06:43:17,132 | INFO  | Job:b5fb6f28-888f-4061-8bc2-900ac6dbaf3e-u2 | ....
2026-03-11 06:43:36,485 | INFO  | Job:b5fb6f28-888f-4061-8bc2-900ac6dbaf3e-u2 | .....
2026-03-11 06:43:57,412 | INFO  | Job:b5fb6f28-888f-4061-8bc2-900ac6dbaf3e-u2 | ......
2026-03-11 06:44:18,775 | INFO  | Job:b5fb6f28-888f-4061-8bc2-900ac6dbaf3e-u2 | .......
2026-03-11 06:44:40,221 | INFO  | Job:b5fb6f28-888f-4061-8bc2-900ac6dbaf3e-u2 | ........
2026-03-11 06:45:00,270 | INFO  | Job:b5fb6f28-888f-4061-8bc2-900ac6dbaf3e-u2 | .........
2026-03-11 06:45:19,091 | INFO  | Job:b5fb6f28-888f-4061-8bc2-900ac6dbaf3e-u2 | ..........
2026-03-11 06:45:41,428 | INFO  | Job:b5fb6f28-888f-4061-8bc2-900ac6dbaf3e-u2 | ...........
2026-03-11 06:45:59,489 | INFO  | Job:b5fb6f28-888f-4061-8bc2-900ac6dbaf3e-u2 | ............
2026-03-11 06:46:18,327 | INFO  | Job:b5fb6f28-888f-4061-8bc2-900ac6dbaf3e-u2 | .............
2026-03-11 06:46:39,769 | INFO  | Job:b5fb6f28-888f-4061-8bc2-900ac6dbaf3e-u2 | ..............
2026-03-11 06:46:58,983 | INFO  | Job:b5fb6f28-888f-4061-8bc2-900ac6dbaf3e-u2 | ...............
2026-03-11 06:47:18,042 | INFO  | Job:b5fb6f28-888f-4061-8bc2-900ac6dbaf3e-u2 | ................
2026-03-11 06:47:39,073 | INFO  | Job:b5fb6f28-888f-4061-8bc2-900ac6dbaf3e-u2 | .................
2026-03-11 06:48:00,953 | INFO  | Job:b5fb6f28-888f-4061-8bc2-900ac6dbaf3e-u2 | ..................
2026-03-11 06:48:21,566 | INFO  | Job:b5fb6f28-888f-4061-8bc2-900ac6dbaf3e-u2 | ...................
2026-03-11 06:48:44,604 | INFO  | Job:b5fb6f28-888f-4061-8bc2-900ac6dbaf3e-u2 | ....................
2026-03-11 06:49:03,022 | INFO  | Job:b5fb6f28-888f-4061-8bc2-900ac6dbaf3e-u2 | .....................
2026-03-11 06:49:21,213 | INFO  | Job:b5fb6f28-888f-4061-8bc2-900ac6dbaf3e-u2 | ......................
2026-03-11 06:49:41,271 | INFO  | Job:b5fb6f28-888f-4061-8bc2-900ac6dbaf3e-u2 | .......................
2026-03-11 06:50:02,396 | INFO  | Job:b5fb6f28-888f-4061-8bc2-900ac6dbaf3e-u2 | ........................
2026-03-11 06:50:22,565 | INFO  | Job:b5fb6f28-888f-4061-8bc2-900ac6dbaf3e-u2 | .........................
2026-03-11 06:50:44,527 | INFO  | Job:b5fb6f28-888f-4061-8bc2-900ac6dbaf3e-u2 | ..........................
2026-03-11 06:51:05,455 | INFO  | Job:b5fb6f28-888f-4061-8bc2-900ac6dbaf3e-u2 | ...........................
2026-03-11 06:51:28,437 | INFO  | Job:b5fb6f28-888f-4061-8bc2-900ac6dbaf3e-u2 | ............................
2026-03-11 06:51:50,841 | INFO  | Job:b5fb6f28-888f-4061-8bc2-900ac6dbaf3e-u2 | .............................
2026-03-11 06:52:11,455 | INFO  | Job:b5fb6f28-888f-4061-8bc2-900ac6dbaf3e-u2 | ..............................
2026-03-11 06:52:35,273 | INFO  | Job:b5fb6f28-888f-4061-8bc2-900ac6dbaf3e-u2 | ...............................
2026-03-11 06:52:55,293 | INFO  | Job:b5fb6f28-888f-4061-8bc2-900ac6dbaf3e-u2 | ................................
2026-03-11 06:53:16,000 | INFO  | Job:b5fb6f28-888f-4061-8bc2-900ac6dbaf3e-u2 | .................................
2026-03-11 06:53:34,157 | INFO  | Job:b5fb6f28-888f-4061-8bc2-900ac6dbaf3e-u2 | ..................................
2026-03-11 06:53:57,209 | INFO  | Job:b5fb6f28-888f-4061-8bc2-900ac6dbaf3e-u2 | ...................................
2026-03-11 06:54:18,601 | INFO  | Job:b5fb6f28-888f-4061-8bc2-900ac6dbaf3e-u2 | ....................................
2026-03-11 06:54:38,322 | INFO  | Job:b5fb6f28-888f-4061-8bc2-900ac6dbaf3e-u2 | .....................................
2026-03-11 06:54:59,287 | INFO  | Job:b5fb6f28-888f-4061-8bc2-900ac6dbaf3e-u2 | ......................................
