A new version of the following files was downloaded from https://huggingface.co/tiiuae/falcon-40b:
- configuration_falcon.py
. Make sure to double-check they do not contain any added malicious code. To avoid downloading new versions of the code file, you can pin a revision.

WARNING: You are currently loading Falcon using legacy code contained in the model repository. Falcon has now been fully ported into the Hugging Face transformers library. For the most up-to-date and high-performance version of the Falcon model code, please update to the latest version of transformers and then load the model without the trust_remote_code=True argument.

`torch_dtype` is deprecated! Use `dtype` instead!
A new version of the following files was downloaded from https://huggingface.co/tiiuae/falcon-40b:
- modeling_falcon.py
. Make sure to double-check they do not contain any added malicious code. To avoid downloading new versions of the code file, you can pin a revision.

############################################################
# tiiuae/falcon-40b
############################################################
Loading tiiuae/falcon-40b in bfloat16...

Fetching 9 files:   0%|          | 0/9 [00:00<?, ?it/s]
Fetching 9 files:  11%|█         | 1/9 [00:50<06:43, 50.48s/it]
Fetching 9 files:  22%|██▏       | 2/9 [00:52<02:35, 22.15s/it]
Fetching 9 files:  33%|███▎      | 3/9 [00:53<01:14, 12.47s/it]
Fetching 9 files:  44%|████▍     | 4/9 [00:59<00:49,  9.89s/it]
Fetching 9 files: 100%|██████████| 9/9 [01:02<00:00,  3.01s/it]
Fetching 9 files: 100%|██████████| 9/9 [01:02<00:00,  6.95s/it]

Loading weights:   0%|          | 0/484 [00:00<?, ?it/s]
Loading weights:   0%|          | 1/484 [00:00<01:01,  7.80it/s]
Loading weights:   1%|          | 6/484 [00:00<00:23, 20.30it/s]
Loading weights:   2%|▏         | 8/484 [00:00<00:36, 12.90it/s]
Loading weights:   3%|▎         | 14/484 [00:00<00:24, 19.24it/s]
Loading weights:   3%|▎         | 16/484 [00:01<00:32, 14.53it/s]
Loading weights:   4%|▍         | 21/484 [00:01<00:33, 13.90it/s]
Loading weights:   5%|▌         | 25/484 [00:01<00:25, 17.69it/s]
Loading weights:   6%|▌         | 30/484 [00:01<00:21, 20.87it/s]
Loading weights:   7%|▋         | 33/484 [00:01<00:26, 17.04it/s]
Loading weights:   8%|▊         | 37/484 [00:02<00:33, 13.15it/s]
Loading weights:  10%|▉         | 46/484 [00:02<00:22, 19.08it/s]
Loading weights:  10%|█         | 49/484 [00:02<00:22, 18.99it/s]
Loading weights:  11%|█         | 54/484 [00:03<00:26, 16.50it/s]
Loading weights:  13%|█▎        | 61/484 [00:03<00:25, 16.56it/s]
Loading weights:  13%|█▎        | 65/484 [00:03<00:21, 19.18it/s]
Loading weights:  14%|█▍        | 70/484 [00:03<00:20, 19.96it/s]
Loading weights:  16%|█▌        | 78/484 [00:04<00:16, 23.92it/s]
Loading weights:  18%|█▊        | 86/484 [00:04<00:19, 20.86it/s]
Loading weights:  19%|█▉        | 94/484 [00:05<00:18, 20.76it/s]
Loading weights:  20%|██        | 97/484 [00:05<00:17, 21.79it/s]
Loading weights:  21%|██        | 101/484 [00:05<00:17, 21.28it/s]
Loading weights:  21%|██▏       | 104/484 [00:05<00:19, 19.75it/s]
Loading weights:  23%|██▎       | 109/484 [00:06<00:24, 15.09it/s]
Loading weights:  23%|██▎       | 111/484 [00:06<00:28, 12.87it/s]
Loading weights:  24%|██▍       | 118/484 [00:06<00:28, 12.92it/s]
Loading weights:  26%|██▌       | 125/484 [00:07<00:25, 14.27it/s]
Loading weights:  27%|██▋       | 129/484 [00:07<00:21, 16.83it/s]
Loading weights:  28%|██▊       | 134/484 [00:07<00:21, 15.97it/s]
Loading weights:  29%|██▊       | 139/484 [00:07<00:17, 19.84it/s]
Loading weights:  29%|██▉       | 142/484 [00:08<00:18, 18.89it/s]
Loading weights:  30%|██▉       | 145/484 [00:08<00:20, 16.27it/s]
Loading weights:  31%|███       | 149/484 [00:08<00:22, 14.67it/s]
Loading weights:  33%|███▎      | 158/484 [00:09<00:18, 17.38it/s]
Loading weights:  34%|███▍      | 165/484 [00:09<00:15, 20.15it/s]
Loading weights:  35%|███▍      | 168/484 [00:09<00:17, 18.46it/s]
Loading weights:  36%|███▌      | 174/484 [00:09<00:15, 20.04it/s]
Loading weights:  37%|███▋      | 177/484 [00:10<00:17, 17.57it/s]
Loading weights:  37%|███▋      | 181/484 [00:10<00:21, 14.40it/s]
Loading weights:  39%|███▉      | 190/484 [00:10<00:15, 19.34it/s]
Loading weights:  40%|███▉      | 193/484 [00:11<00:17, 17.09it/s]
Loading weights:  41%|████      | 197/484 [00:11<00:16, 17.53it/s]
Loading weights:  43%|████▎     | 206/484 [00:11<00:11, 24.53it/s]
Loading weights:  44%|████▍     | 214/484 [00:11<00:09, 28.00it/s]
Loading weights:  46%|████▌     | 222/484 [00:11<00:08, 29.87it/s]
Loading weights:  47%|████▋     | 226/484 [00:12<00:10, 24.33it/s]
Loading weights:  48%|████▊     | 230/484 [00:12<00:11, 21.71it/s]
Loading weights:  48%|████▊     | 233/484 [00:12<00:13, 18.64it/s]
Loading weights:  49%|████▉     | 237/484 [00:13<00:17, 14.29it/s]
Loading weights:  51%|█████     | 245/484 [00:13<00:15, 15.33it/s]
Loading weights:  51%|█████▏    | 249/484 [00:13<00:13, 17.84it/s]
Loading weights:  52%|█████▏    | 253/484 [00:13<00:13, 17.31it/s]
Loading weights:  54%|█████▍    | 262/484 [00:14<00:08, 26.08it/s]
Loading weights:  55%|█████▍    | 266/484 [00:14<00:08, 27.07it/s]
Loading weights:  56%|█████▌    | 271/484 [00:14<00:07, 26.86it/s]
Loading weights:  57%|█████▋    | 277/484 [00:14<00:08, 24.67it/s]
Loading weights:  58%|█████▊    | 280/484 [00:14<00:10, 20.28it/s]
Loading weights:  59%|█████▉    | 286/484 [00:15<00:09, 20.82it/s]
Loading weights:  60%|█████▉    | 289/484 [00:15<00:11, 17.30it/s]
Loading weights:  61%|██████    | 294/484 [00:15<00:12, 15.77it/s]
Loading weights:  62%|██████▏   | 300/484 [00:16<00:08, 21.39it/s]
Loading weights:  63%|██████▎   | 304/484 [00:16<00:11, 16.20it/s]
Loading weights:  64%|██████▍   | 310/484 [00:16<00:08, 20.70it/s]
Loading weights:  65%|██████▍   | 313/484 [00:16<00:08, 21.02it/s]
Loading weights:  66%|██████▌   | 319/484 [00:16<00:06, 24.50it/s]
Loading weights:  67%|██████▋   | 325/484 [00:17<00:06, 25.57it/s]
Loading weights:  69%|██████▉   | 334/484 [00:17<00:07, 20.93it/s]
Loading weights:  71%|███████   | 342/484 [00:17<00:05, 23.76it/s]
Loading weights:  71%|███████▏  | 345/484 [00:18<00:07, 19.67it/s]
Loading weights:  72%|███████▏  | 349/484 [00:18<00:08, 16.03it/s]
Loading weights:  73%|███████▎  | 353/484 [00:18<00:06, 18.74it/s]
Loading weights:  74%|███████▍  | 357/484 [00:18<00:06, 19.11it/s]
Loading weights:  74%|███████▍  | 360/484 [00:19<00:07, 17.69it/s]
Loading weights:  76%|███████▌  | 366/484 [00:19<00:06, 19.40it/s]
Loading weights:  76%|███████▌  | 369/484 [00:19<00:06, 16.55it/s]
Loading weights:  77%|███████▋  | 374/484 [00:19<00:06, 17.33it/s]
Loading weights:  79%|███████▊  | 381/484 [00:20<00:04, 24.60it/s]
Loading weights:  80%|███████▉  | 385/484 [00:20<00:03, 25.63it/s]
Loading weights:  80%|████████  | 389/484 [00:20<00:04, 21.66it/s]
Loading weights:  81%|████████  | 392/484 [00:20<00:06, 14.59it/s]
Loading weights:  82%|████████▏ | 397/484 [00:21<00:07, 12.37it/s]
Loading weights:  83%|████████▎ | 402/484 [00:21<00:05, 16.33it/s]
Loading weights:  84%|████████▍ | 406/484 [00:21<00:04, 17.30it/s]
Loading weights:  85%|████████▍ | 409/484 [00:21<00:04, 15.21it/s]
Loading weights:  85%|████████▌ | 413/484 [00:22<00:04, 16.09it/s]
Loading weights:  86%|████████▌ | 415/484 [00:22<00:04, 13.87it/s]
Loading weights:  87%|████████▋ | 421/484 [00:22<00:03, 16.73it/s]
Loading weights:  87%|████████▋ | 423/484 [00:22<00:04, 15.10it/s]
Loading weights:  88%|████████▊ | 425/484 [00:22<00:03, 15.74it/s]
Loading weights:  89%|████████▊ | 429/484 [00:23<00:03, 17.18it/s]
Loading weights:  89%|████████▉ | 431/484 [00:23<00:03, 16.33it/s]
Loading weights:  90%|█████████ | 438/484 [00:23<00:02, 22.42it/s]
Loading weights:  92%|█████████▏| 446/484 [00:23<00:01, 31.16it/s]
Loading weights:  93%|█████████▎| 450/484 [00:23<00:01, 31.07it/s]
Loading weights:  94%|█████████▍| 455/484 [00:23<00:00, 30.67it/s]
Loading weights:  95%|█████████▌| 462/484 [00:24<00:00, 29.40it/s]
Loading weights:  97%|█████████▋| 469/484 [00:24<00:00, 31.53it/s]
Loading weights:  99%|█████████▊| 477/484 [00:24<00:00, 32.26it/s]
Loading weights: 100%|██████████| 484/484 [00:24<00:00, 32.64it/s]
Loading weights: 100%|██████████| 484/484 [00:24<00:00, 19.49it/s]
Traceback (most recent call last):
  File "/workspace/experiment.py", line 541, in <module>
    result = run_all_tests(model_name, dtype_str)
             ^^^^^^^^^^^^^^^^^^^^^^^^^^^^^^^^^^^^
  File "/workspace/experiment.py", line 224, in run_all_tests
    _ = model(tiny)
        ^^^^^^^^^^^
  File "/usr/local/lib/python3.11/dist-packages/torch/nn/modules/module.py", line 1553, in _wrapped_call_impl
    return self._call_impl(*args, **kwargs)
           ^^^^^^^^^^^^^^^^^^^^^^^^^^^^^^^^
  File "/usr/local/lib/python3.11/dist-packages/torch/nn/modules/module.py", line 1562, in _call_impl
    return forward_call(*args, **kwargs)
           ^^^^^^^^^^^^^^^^^^^^^^^^^^^^^
  File "/root/.cache/huggingface/modules/transformers_modules/tiiuae/falcon_hyphen_40b/05ab2ee8d6b593bdbab17d728de5c028a7a94d83/modeling_falcon.py", line 900, in forward
    transformer_outputs = self.transformer(
                          ^^^^^^^^^^^^^^^^^
  File "/usr/local/lib/python3.11/dist-packages/torch/nn/modules/module.py", line 1553, in _wrapped_call_impl
    return self._call_impl(*args, **kwargs)
           ^^^^^^^^^^^^^^^^^^^^^^^^^^^^^^^^
  File "/usr/local/lib/python3.11/dist-packages/torch/nn/modules/module.py", line 1562, in _call_impl
    return forward_call(*args, **kwargs)
           ^^^^^^^^^^^^^^^^^^^^^^^^^^^^^
  File "/root/.cache/huggingface/modules/transformers_modules/tiiuae/falcon_hyphen_40b/05ab2ee8d6b593bdbab17d728de5c028a7a94d83/modeling_falcon.py", line 740, in forward
    head_mask = self.get_head_mask(head_mask, self.config.num_hidden_layers)
                ^^^^^^^^^^^^^^^^^^
  File "/usr/local/lib/python3.11/dist-packages/torch/nn/modules/module.py", line 1729, in __getattr__
    raise AttributeError(f"'{type(self).__name__}' object has no attribute '{name}'")
AttributeError: 'FalconModel' object has no attribute 'get_head_mask'
Loaded in 92s
Transformers version: 5.3.0
FAILED: 'FalconModel' object has no attribute 'get_head_mask'

Saved: /workspace/large_falcon_40b.json

Total time: 92s

DONE
