Traceback (most recent call last):
  File "/usr/local/lib/python3.11/dist-packages/huggingface_hub/utils/_http.py", line 761, in hf_raise_for_status
    response.raise_for_status()
  File "/usr/local/lib/python3.11/dist-packages/httpx/_models.py", line 763, in raise_for_status
    raise HTTPStatusError(message, request=request, response=self)
httpx.HTTPStatusError: Client error '403 Forbidden' for url 'https://huggingface.co/google/gemma-2-27b-it/resolve/main/config.json'
For more information check: https://developer.mozilla.org/en-US/docs/Web/HTTP/Status/403

The above exception was the direct cause of the following exception:

Traceback (most recent call last):
  File "/usr/local/lib/python3.11/dist-packages/transformers/utils/hub.py", line 420, in cached_files
    hf_hub_download(
  File "/usr/local/lib/python3.11/dist-packages/huggingface_hub/utils/_validators.py", line 89, in _inner_fn
    return fn(*args, **kwargs)
           ^^^^^^^^^^^^^^^^^^^
  File "/usr/local/lib/python3.11/dist-packages/huggingface_hub/file_download.py", line 986, in hf_hub_download
    return _hf_hub_download_to_cache_dir(
           ^^^^^^^^^^^^^^^^^^^^^^^^^^^^^^
  File "/usr/local/lib/python3.11/dist-packages/huggingface_hub/file_download.py", line 1137, in _hf_hub_download_to_cache_dir
    _raise_on_head_call_error(head_call_error, force_download, local_files_only)
  File "/usr/local/lib/python3.11/dist-packages/huggingface_hub/file_download.py", line 1766, in _raise_on_head_call_error
    raise head_call_error
  File "/usr/local/lib/python3.11/dist-packages/huggingface_hub/file_download.py", line 1653, in _get_metadata_or_catch_error
    metadata = get_hf_file_metadata(
               ^^^^^^^^^^^^^^^^^^^^^
  File "/usr/local/lib/python3.11/dist-packages/huggingface_hub/utils/_validators.py", line 89, in _inner_fn
    return fn(*args, **kwargs)
           ^^^^^^^^^^^^^^^^^^^
  File "/usr/local/lib/python3.11/dist-packages/huggingface_hub/file_download.py", line 1576, in get_hf_file_metadata
    response = _httpx_follow_relative_redirects_with_backoff(
               ^^^^^^^^^^^^^^^^^^^^^^^^^^^^^^^^^^^^^^^^^^^^^^
  File "/usr/local/lib/python3.11/dist-packages/huggingface_hub/utils/_http.py", line 692, in _httpx_follow_relative_redirects_with_backoff
    hf_raise_for_status(response)
  File "/usr/local/lib/python3.11/dist-packages/huggingface_hub/utils/_http.py", line 796, in hf_raise_for_status
    raise gated_err from e
huggingface_hub.errors.GatedRepoError: 403 Client Error. (Request ID: Root=1-69b6b652-6467db916032c85c47989875;9b1c341f-779d-4bb1-ad14-03f54861cc10)

Cannot access gated repo for url https://huggingface.co/google/gemma-2-27b-it/resolve/main/config.json.
Access to model google/gemma-2-27b-it is restricted and you are not in the authorized list. Visit https://huggingface.co/google/gemma-2-27b-it to ask for access.

The above exception was the direct cause of the following exception:

Traceback (most recent call last):
  File "/usr/local/lib/python3.11/dist-packages/transformers/models/auto/tokenization_auto.py", line 654, in from_pretrained
    config = AutoConfig.from_pretrained(
             ^^^^^^^^^^^^^^^^^^^^^^^^^^^
  File "/usr/local/lib/python3.11/dist-packages/transformers/models/auto/configuration_auto.py", line 1429, in from_pretrained
    config_dict, unused_kwargs = PreTrainedConfig.get_config_dict(pretrained_model_name_or_path, **kwargs)
                                 ^^^^^^^^^^^^^^^^^^^^^^^^^^^^^^^^^^^^^^^^^^^^^^^^^^^^^^^^^^^^^^^^^^^^^^^^^
  File "/usr/local/lib/python3.11/dist-packages/transformers/configuration_utils.py", line 574, in get_config_dict
    config_dict, kwargs = cls._get_config_dict(pretrained_model_name_or_path, **kwargs)
                          ^^^^^^^^^^^^^^^^^^^^^^^^^^^^^^^^^^^^^^^^^^^^^^^^^^^^^^^^^^^^^
  File "/usr/local/lib/python3.11/dist-packages/transformers/configuration_utils.py", line 629, in _get_config_dict
    resolved_config_file = cached_file(
                           ^^^^^^^^^^^^
  File "/usr/local/lib/python3.11/dist-packages/transformers/utils/hub.py", line 277, in cached_file
    file = cached_files(path_or_repo_id=path_or_repo_id, filenames=[filename], **kwargs)
           ^^^^^^^^^^^^^^^^^^^^^^^^^^^^^^^^^^^^^^^^^^^^^^^^^^^^^^^^^^^^^^^^^^^^^^^^^^^^^
  File "/usr/local/lib/python3.11/dist-packages/transformers/utils/hub.py", line 484, in cached_files
    raise OSError(
OSError: You are trying to access a gated repo.
Make sure to have access to it at https://huggingface.co/google/gemma-2-27b-it.
403 Client Error. (Request ID: Root=1-69b6b652-6467db916032c85c47989875;9b1c341f-779d-4bb1-ad14-03f54861cc10)

Cannot access gated repo for url https://huggingface.co/google/gemma-2-27b-it/resolve/main/config.json.
Access to model google/gemma-2-27b-it is restricted and you are not in the authorized list. Visit https://huggingface.co/google/gemma-2-27b-it to ask for access.

During handling of the above exception, another exception occurred:

Traceback (most recent call last):
  File "/usr/local/lib/python3.11/dist-packages/huggingface_hub/utils/_http.py", line 761, in hf_raise_for_status
    response.raise_for_status()
  File "/usr/local/lib/python3.11/dist-packages/httpx/_models.py", line 763, in raise_for_status
    raise HTTPStatusError(message, request=request, response=self)
httpx.HTTPStatusError: Client error '403 Forbidden' for url 'https://huggingface.co/google/gemma-2-27b-it/resolve/main/config.json'
For more information check: https://developer.mozilla.org/en-US/docs/Web/HTTP/Status/403

The above exception was the direct cause of the following exception:

Traceback (most recent call last):
  File "/usr/local/lib/python3.11/dist-packages/transformers/utils/hub.py", line 420, in cached_files
    hf_hub_download(
  File "/usr/local/lib/python3.11/dist-packages/huggingface_hub/utils/_validators.py", line 89, in _inner_fn
    return fn(*args, **kwargs)
           ^^^^^^^^^^^^^^^^^^^
  File "/usr/local/lib/python3.11/dist-packages/huggingface_hub/file_download.py", line 986, in hf_hub_download
    return _hf_hub_download_to_cache_dir(
           ^^^^^^^^^^^^^^^^^^^^^^^^^^^^^^
  File "/usr/local/lib/python3.11/dist-packages/huggingface_hub/file_download.py", line 1137, in _hf_hub_download_to_cache_dir
    _raise_on_head_call_error(head_call_error, force_download, local_files_only)
  File "/usr/local/lib/python3.11/dist-packages/huggingface_hub/file_download.py", line 1766, in _raise_on_head_call_error
    raise head_call_error
  File "/usr/local/lib/python3.11/dist-packages/huggingface_hub/file_download.py", line 1653, in _get_metadata_or_catch_error
    metadata = get_hf_file_metadata(
               ^^^^^^^^^^^^^^^^^^^^^
  File "/usr/local/lib/python3.11/dist-packages/huggingface_hub/utils/_validators.py", line 89, in _inner_fn
    return fn(*args, **kwargs)
           ^^^^^^^^^^^^^^^^^^^
  File "/usr/local/lib/python3.11/dist-packages/huggingface_hub/file_download.py", line 1576, in get_hf_file_metadata
    response = _httpx_follow_relative_redirects_with_backoff(
               ^^^^^^^^^^^^^^^^^^^^^^^^^^^^^^^^^^^^^^^^^^^^^^
  File "/usr/local/lib/python3.11/dist-packages/huggingface_hub/utils/_http.py", line 692, in _httpx_follow_relative_redirects_with_backoff
    hf_raise_for_status(response)
  File "/usr/local/lib/python3.11/dist-packages/huggingface_hub/utils/_http.py", line 796, in hf_raise_for_status
    raise gated_err from e
huggingface_hub.errors.GatedRepoError: 403 Client Error. (Request ID: Root=1-69b6b652-1cb905eb22811ab319c53b51;d520892f-b0a4-45b1-9a16-524954b02827)

Cannot access gated repo for url https://huggingface.co/google/gemma-2-27b-it/resolve/main/config.json.
Access to model google/gemma-2-27b-it is restricted and you are not in the authorized list. Visit https://huggingface.co/google/gemma-2-27b-it to ask for access.

The above exception was the direct cause of the following exception:

Traceback (most recent call last):
  File "/workspace/experiment.py", line 463, in <module>
    result = run_all_tests(model_name, dtype_str)
             ^^^^^^^^^^^^^^^^^^^^^^^^^^^^^^^^^^^^
  File "/workspace/experiment.py", line 68, in run_all_tests
    tokenizer = AutoTokenizer.from_pretrained(
                ^^^^^^^^^^^^^^^^^^^^^^^^^^^^^^
  File "/usr/local/lib/python3.11/dist-packages/transformers/models/auto/tokenization_auto.py", line 658, in from_pretrained
    config = PreTrainedConfig.from_pretrained(pretrained_model_name_or_path, **kwargs)
             ^^^^^^^^^^^^^^^^^^^^^^^^^^^^^^^^^^^^^^^^^^^^^^^^^^^^^^^^^^^^^^^^^^^^^^^^^
  File "/usr/local/lib/python3.11/dist-packages/transformers/configuration_utils.py", line 533, in from_pretrained
    config_dict, kwargs = cls.get_config_dict(pretrained_model_name_or_path, **kwargs)
                          ^^^^^^^^^^^^^^^^^^^^^^^^^^^^^^^^^^^^^^^^^^^^^^^^^^^^^^^^^^^^
  File "/usr/local/lib/python3.11/dist-packages/transformers/configuration_utils.py", line 574, in get_config_dict
    config_dict, kwargs = cls._get_config_dict(pretrained_model_name_or_path, **kwargs)
                          ^^^^^^^^^^^^^^^^^^^^^^^^^^^^^^^^^^^^^^^^^^^^^^^^^^^^^^^^^^^^^
  File "/usr/local/lib/python3.11/dist-packages/transformers/configuration_utils.py", line 629, in _get_config_dict
    resolved_config_file = cached_file(
                           ^^^^^^^^^^^^
  File "/usr/local/lib/python3.11/dist-packages/transformers/utils/hub.py", line 277, in cached_file
    file = cached_files(path_or_repo_id=path_or_repo_id, filenames=[filename], **kwargs)
           ^^^^^^^^^^^^^^^^^^^^^^^^^^^^^^^^^^^^^^^^^^^^^^^^^^^^^^^^^^^^^^^^^^^^^^^^^^^^^
  File "/usr/local/lib/python3.11/dist-packages/transformers/utils/hub.py", line 484, in cached_files
    raise OSError(
OSError: You are trying to access a gated repo.
Make sure to have access to it at https://huggingface.co/google/gemma-2-27b-it.
403 Client Error. (Request ID: Root=1-69b6b652-1cb905eb22811ab319c53b51;d520892f-b0a4-45b1-9a16-524954b02827)

Cannot access gated repo for url https://huggingface.co/google/gemma-2-27b-it/resolve/main/config.json.
Access to model google/gemma-2-27b-it is restricted and you are not in the authorized list. Visit https://huggingface.co/google/gemma-2-27b-it to ask for access.

############################################################
# google/gemma-2-27b-it
############################################################
Loading google/gemma-2-27b-it in bfloat16...
FAILED: You are trying to access a gated repo.
Make sure to have access to it at https://huggingface.co/google/gemma-2-27b-it.
403 Client Error. (Request ID: Root=1-69b6b652-1cb905eb22811ab319c53b51;d520892f-b0a4-45b1-9a16-524954b02827)

Cannot access gated repo for url https://huggingface.co/google/gemma-2-27b-it/resolve/main/config.json.
Access to model google/gemma-2-27b-it is restricted and you are not in the authorized list. Visit https://huggingface.co/google/gemma-2-27b-it to ask for access.

Saved: /workspace/large_gemma_2_27b_it.json

Total time: 0s

DONE
