
############################################################
# MODEL: mistralai/Mixtral-8x7B-Instruct-v0.1
############################################################
2026-03-10 20:08:51,837 | INFO  | LiveServerless:i840o73sbwjp1p | API /run
2026-03-10 20:08:52,072 | INFO  | LiveServerless:i840o73sbwjp1p | Started Job:63cdc480-ef9d-4ca7-a1c9-060e7218dec5-u2
2026-03-10 20:08:52,191 | INFO  | Job:63cdc480-ef9d-4ca7-a1c9-060e7218dec5-u2 | Status: IN_QUEUE
2026-03-10 20:08:52,654 | INFO  | Job:63cdc480-ef9d-4ca7-a1c9-060e7218dec5-u2 | .
2026-03-10 20:08:54,040 | INFO  | Job:63cdc480-ef9d-4ca7-a1c9-060e7218dec5-u2 | ..
2026-03-10 20:08:58,773 | INFO  | Job:63cdc480-ef9d-4ca7-a1c9-060e7218dec5-u2 | ...
2026-03-10 20:09:18,081 | INFO  | Job:63cdc480-ef9d-4ca7-a1c9-060e7218dec5-u2 | ....
2026-03-10 20:09:38,718 | INFO  | Job:63cdc480-ef9d-4ca7-a1c9-060e7218dec5-u2 | .....
2026-03-10 20:09:58,470 | INFO  | Job:63cdc480-ef9d-4ca7-a1c9-060e7218dec5-u2 | ......
2026-03-10 20:10:19,498 | INFO  | Job:63cdc480-ef9d-4ca7-a1c9-060e7218dec5-u2 | .......
2026-03-10 20:10:40,594 | INFO  | Job:63cdc480-ef9d-4ca7-a1c9-060e7218dec5-u2 | ........
2026-03-10 20:11:00,152 | INFO  | Job:63cdc480-ef9d-4ca7-a1c9-060e7218dec5-u2 | .........
2026-03-10 20:11:19,050 | INFO  | Job:63cdc480-ef9d-4ca7-a1c9-060e7218dec5-u2 | ..........
2026-03-10 20:11:40,572 | INFO  | Job:63cdc480-ef9d-4ca7-a1c9-060e7218dec5-u2 | ...........
2026-03-10 20:12:02,592 | INFO  | Job:63cdc480-ef9d-4ca7-a1c9-060e7218dec5-u2 | ............
2026-03-10 20:12:21,522 | INFO  | Job:63cdc480-ef9d-4ca7-a1c9-060e7218dec5-u2 | .............
2026-03-10 20:12:43,898 | INFO  | Job:63cdc480-ef9d-4ca7-a1c9-060e7218dec5-u2 | ..............
2026-03-10 20:13:01,267 | INFO  | Job:63cdc480-ef9d-4ca7-a1c9-060e7218dec5-u2 | ...............
2026-03-10 20:13:19,087 | INFO  | Job:63cdc480-ef9d-4ca7-a1c9-060e7218dec5-u2 | ................
2026-03-10 20:13:36,798 | INFO  | Job:63cdc480-ef9d-4ca7-a1c9-060e7218dec5-u2 | .................
2026-03-10 20:13:57,541 | INFO  | Job:63cdc480-ef9d-4ca7-a1c9-060e7218dec5-u2 | ..................
2026-03-10 20:14:19,714 | INFO  | Job:63cdc480-ef9d-4ca7-a1c9-060e7218dec5-u2 | ...................
2026-03-10 20:14:37,355 | INFO  | Job:63cdc480-ef9d-4ca7-a1c9-060e7218dec5-u2 | ....................
2026-03-10 20:14:56,526 | INFO  | Job:63cdc480-ef9d-4ca7-a1c9-060e7218dec5-u2 | .....................
2026-03-10 20:15:17,007 | INFO  | Job:63cdc480-ef9d-4ca7-a1c9-060e7218dec5-u2 | ......................
2026-03-10 20:15:36,315 | INFO  | Job:63cdc480-ef9d-4ca7-a1c9-060e7218dec5-u2 | .......................
2026-03-10 20:15:56,496 | INFO  | Job:63cdc480-ef9d-4ca7-a1c9-060e7218dec5-u2 | ........................
2026-03-10 20:16:18,040 | INFO  | Job:63cdc480-ef9d-4ca7-a1c9-060e7218dec5-u2 | .........................
2026-03-10 20:16:34,349 | INFO  | Job:63cdc480-ef9d-4ca7-a1c9-060e7218dec5-u2 | ..........................
2026-03-10 20:16:51,222 | INFO  | Job:63cdc480-ef9d-4ca7-a1c9-060e7218dec5-u2 | ...........................
2026-03-10 20:17:09,674 | INFO  | Job:63cdc480-ef9d-4ca7-a1c9-060e7218dec5-u2 | ............................
2026-03-10 20:17:27,888 | INFO  | Job:63cdc480-ef9d-4ca7-a1c9-060e7218dec5-u2 | .............................
2026-03-10 20:17:47,464 | INFO  | Job:63cdc480-ef9d-4ca7-a1c9-060e7218dec5-u2 | ..............................
2026-03-10 20:18:07,576 | INFO  | Job:63cdc480-ef9d-4ca7-a1c9-060e7218dec5-u2 | ...............................
2026-03-10 20:18:28,862 | INFO  | Job:63cdc480-ef9d-4ca7-a1c9-060e7218dec5-u2 | ................................
2026-03-10 20:18:49,742 | INFO  | Job:63cdc480-ef9d-4ca7-a1c9-060e7218dec5-u2 | .................................
2026-03-10 20:19:11,531 | INFO  | Job:63cdc480-ef9d-4ca7-a1c9-060e7218dec5-u2 | ..................................
2026-03-10 20:19:30,176 | INFO  | Job:63cdc480-ef9d-4ca7-a1c9-060e7218dec5-u2 | ...................................
2026-03-10 20:19:50,851 | INFO  | Job:63cdc480-ef9d-4ca7-a1c9-060e7218dec5-u2 | ....................................
2026-03-10 20:20:10,120 | INFO  | Job:63cdc480-ef9d-4ca7-a1c9-060e7218dec5-u2 | .....................................
2026-03-10 20:20:33,196 | INFO  | Job:63cdc480-ef9d-4ca7-a1c9-060e7218dec5-u2 | ......................................
2026-03-10 20:20:54,061 | INFO  | Job:63cdc480-ef9d-4ca7-a1c9-060e7218dec5-u2 | .......................................
2026-03-10 20:21:14,631 | INFO  | Job:63cdc480-ef9d-4ca7-a1c9-060e7218dec5-u2 | ........................................
2026-03-10 20:21:34,653 | INFO  | Job:63cdc480-ef9d-4ca7-a1c9-060e7218dec5-u2 | .........................................
2026-03-10 20:21:56,046 | INFO  | Job:63cdc480-ef9d-4ca7-a1c9-060e7218dec5-u2 | ..........................................
2026-03-10 20:22:14,508 | INFO  | Job:63cdc480-ef9d-4ca7-a1c9-060e7218dec5-u2 | ...........................................
2026-03-10 20:22:34,962 | INFO  | Job:63cdc480-ef9d-4ca7-a1c9-060e7218dec5-u2 | ............................................
2026-03-10 20:22:52,137 | INFO  | Job:63cdc480-ef9d-4ca7-a1c9-060e7218dec5-u2 | .............................................
2026-03-10 20:23:16,384 | INFO  | Job:63cdc480-ef9d-4ca7-a1c9-060e7218dec5-u2 | ..............................................
2026-03-10 20:23:33,180 | INFO  | Job:63cdc480-ef9d-4ca7-a1c9-060e7218dec5-u2 | ...............................................
2026-03-10 20:23:55,986 | INFO  | Job:63cdc480-ef9d-4ca7-a1c9-060e7218dec5-u2 | ................................................
2026-03-10 20:24:16,644 | INFO  | Job:63cdc480-ef9d-4ca7-a1c9-060e7218dec5-u2 | .................................................
2026-03-10 20:24:38,715 | INFO  | Job:63cdc480-ef9d-4ca7-a1c9-060e7218dec5-u2 | ..................................................
2026-03-10 20:24:59,838 | INFO  | Job:63cdc480-ef9d-4ca7-a1c9-060e7218dec5-u2 | ...................................................
2026-03-10 20:25:20,844 | INFO  | Job:63cdc480-ef9d-4ca7-a1c9-060e7218dec5-u2 | ....................................................
2026-03-10 20:25:42,364 | INFO  | Job:63cdc480-ef9d-4ca7-a1c9-060e7218dec5-u2 | .....................................................
2026-03-10 20:26:01,861 | INFO  | Job:63cdc480-ef9d-4ca7-a1c9-060e7218dec5-u2 | ......................................................
2026-03-10 20:26:21,097 | INFO  | Job:63cdc480-ef9d-4ca7-a1c9-060e7218dec5-u2 | .......................................................
2026-03-10 20:26:39,729 | INFO  | Job:63cdc480-ef9d-4ca7-a1c9-060e7218dec5-u2 | ........................................................
2026-03-10 20:27:00,571 | INFO  | Job:63cdc480-ef9d-4ca7-a1c9-060e7218dec5-u2 | .........................................................
2026-03-10 20:27:23,746 | INFO  | Job:63cdc480-ef9d-4ca7-a1c9-060e7218dec5-u2 | ..........................................................
2026-03-10 20:27:44,675 | INFO  | Job:63cdc480-ef9d-4ca7-a1c9-060e7218dec5-u2 | ...........................................................
2026-03-10 20:28:04,761 | INFO  | Job:63cdc480-ef9d-4ca7-a1c9-060e7218dec5-u2 | ............................................................
2026-03-10 20:28:24,881 | INFO  | Job:63cdc480-ef9d-4ca7-a1c9-060e7218dec5-u2 | .............................................................
2026-03-10 20:28:43,333 | INFO  | Job:63cdc480-ef9d-4ca7-a1c9-060e7218dec5-u2 | ..............................................................
2026-03-10 20:29:01,203 | INFO  | Job:63cdc480-ef9d-4ca7-a1c9-060e7218dec5-u2 | ...............................................................
2026-03-10 20:29:20,087 | INFO  | Job:63cdc480-ef9d-4ca7-a1c9-060e7218dec5-u2 | ................................................................
2026-03-10 20:29:39,879 | INFO  | Job:63cdc480-ef9d-4ca7-a1c9-060e7218dec5-u2 | .................................................................
2026-03-10 20:30:00,540 | INFO  | Job:63cdc480-ef9d-4ca7-a1c9-060e7218dec5-u2 | ..................................................................
2026-03-10 20:30:20,099 | INFO  | Job:63cdc480-ef9d-4ca7-a1c9-060e7218dec5-u2 | ...................................................................
2026-03-10 20:30:38,188 | INFO  | Job:63cdc480-ef9d-4ca7-a1c9-060e7218dec5-u2 | ....................................................................
2026-03-10 20:30:57,010 | INFO  | Job:63cdc480-ef9d-4ca7-a1c9-060e7218dec5-u2 | .....................................................................
2026-03-10 20:31:17,242 | INFO  | Job:63cdc480-ef9d-4ca7-a1c9-060e7218dec5-u2 | ......................................................................
2026-03-10 20:31:36,996 | INFO  | Job:63cdc480-ef9d-4ca7-a1c9-060e7218dec5-u2 | .......................................................................
2026-03-10 20:31:55,395 | INFO  | Job:63cdc480-ef9d-4ca7-a1c9-060e7218dec5-u2 | ........................................................................
2026-03-10 20:32:17,154 | INFO  | Job:63cdc480-ef9d-4ca7-a1c9-060e7218dec5-u2 | .........................................................................
2026-03-10 20:32:38,788 | INFO  | Job:63cdc480-ef9d-4ca7-a1c9-060e7218dec5-u2 | ..........................................................................
2026-03-10 20:32:58,024 | INFO  | Job:63cdc480-ef9d-4ca7-a1c9-060e7218dec5-u2 | ...........................................................................
2026-03-10 20:33:18,893 | INFO  | Job:63cdc480-ef9d-4ca7-a1c9-060e7218dec5-u2 | ............................................................................
2026-03-10 20:33:38,571 | INFO  | Job:63cdc480-ef9d-4ca7-a1c9-060e7218dec5-u2 | .............................................................................
2026-03-10 20:34:01,576 | INFO  | Job:63cdc480-ef9d-4ca7-a1c9-060e7218dec5-u2 | ..............................................................................
2026-03-10 20:34:19,820 | INFO  | Job:63cdc480-ef9d-4ca7-a1c9-060e7218dec5-u2 | ...............................................................................
2026-03-10 20:34:40,557 | INFO  | Job:63cdc480-ef9d-4ca7-a1c9-060e7218dec5-u2 | ................................................................................
2026-03-10 20:35:01,924 | INFO  | Job:63cdc480-ef9d-4ca7-a1c9-060e7218dec5-u2 | .................................................................................
2026-03-10 20:35:24,706 | INFO  | Job:63cdc480-ef9d-4ca7-a1c9-060e7218dec5-u2 | ..................................................................................
2026-03-10 20:35:44,939 | INFO  | Job:63cdc480-ef9d-4ca7-a1c9-060e7218dec5-u2 | ...................................................................................
2026-03-10 20:36:07,610 | INFO  | Job:63cdc480-ef9d-4ca7-a1c9-060e7218dec5-u2 | ....................................................................................
2026-03-10 20:36:28,012 | INFO  | Job:63cdc480-ef9d-4ca7-a1c9-060e7218dec5-u2 | .....................................................................................
2026-03-10 20:36:50,293 | INFO  | Job:63cdc480-ef9d-4ca7-a1c9-060e7218dec5-u2 | ......................................................................................
2026-03-10 20:37:10,777 | INFO  | Job:63cdc480-ef9d-4ca7-a1c9-060e7218dec5-u2 | .......................................................................................
2026-03-10 20:37:27,277 | INFO  | Job:63cdc480-ef9d-4ca7-a1c9-060e7218dec5-u2 | ........................................................................................
2026-03-10 20:37:50,478 | INFO  | Job:63cdc480-ef9d-4ca7-a1c9-060e7218dec5-u2 | .........................................................................................
2026-03-10 20:38:09,541 | INFO  | Job:63cdc480-ef9d-4ca7-a1c9-060e7218dec5-u2 | ..........................................................................................
2026-03-10 20:38:28,689 | INFO  | Job:63cdc480-ef9d-4ca7-a1c9-060e7218dec5-u2 | ...........................................................................................
2026-03-10 20:38:49,985 | INFO  | Job:63cdc480-ef9d-4ca7-a1c9-060e7218dec5-u2 | ............................................................................................
2026-03-10 20:39:11,170 | INFO  | Job:63cdc480-ef9d-4ca7-a1c9-060e7218dec5-u2 | .............................................................................................
2026-03-10 20:39:29,360 | INFO  | Job:63cdc480-ef9d-4ca7-a1c9-060e7218dec5-u2 | ..............................................................................................
2026-03-10 20:39:48,025 | INFO  | Job:63cdc480-ef9d-4ca7-a1c9-060e7218dec5-u2 | ...............................................................................................
2026-03-10 20:40:08,012 | INFO  | Job:63cdc480-ef9d-4ca7-a1c9-060e7218dec5-u2 | ................................................................................................
2026-03-10 20:40:25,639 | INFO  | Job:63cdc480-ef9d-4ca7-a1c9-060e7218dec5-u2 | .................................................................................................
2026-03-10 20:40:49,190 | INFO  | Job:63cdc480-ef9d-4ca7-a1c9-060e7218dec5-u2 | ..................................................................................................
2026-03-10 20:41:10,355 | INFO  | Job:63cdc480-ef9d-4ca7-a1c9-060e7218dec5-u2 | ...................................................................................................
2026-03-10 20:41:29,654 | INFO  | Job:63cdc480-ef9d-4ca7-a1c9-060e7218dec5-u2 | ....................................................................................................
2026-03-10 20:41:51,099 | INFO  | Job:63cdc480-ef9d-4ca7-a1c9-060e7218dec5-u2 | .....................................................................................................
2026-03-10 20:42:13,897 | INFO  | Job:63cdc480-ef9d-4ca7-a1c9-060e7218dec5-u2 | ......................................................................................................
2026-03-10 20:42:37,520 | INFO  | Job:63cdc480-ef9d-4ca7-a1c9-060e7218dec5-u2 | .......................................................................................................
2026-03-10 20:42:59,136 | INFO  | Job:63cdc480-ef9d-4ca7-a1c9-060e7218dec5-u2 | ........................................................................................................
2026-03-10 20:43:19,936 | INFO  | Job:63cdc480-ef9d-4ca7-a1c9-060e7218dec5-u2 | .........................................................................................................
2026-03-10 20:43:40,832 | INFO  | Job:63cdc480-ef9d-4ca7-a1c9-060e7218dec5-u2 | ..........................................................................................................
2026-03-10 20:44:01,835 | INFO  | Job:63cdc480-ef9d-4ca7-a1c9-060e7218dec5-u2 | ...........................................................................................................
2026-03-10 20:44:22,790 | INFO  | Job:63cdc480-ef9d-4ca7-a1c9-060e7218dec5-u2 | ............................................................................................................
2026-03-10 20:44:42,028 | INFO  | Job:63cdc480-ef9d-4ca7-a1c9-060e7218dec5-u2 | .............................................................................................................
2026-03-10 20:45:02,704 | INFO  | Job:63cdc480-ef9d-4ca7-a1c9-060e7218dec5-u2 | ..............................................................................................................
2026-03-10 20:45:21,359 | INFO  | Job:63cdc480-ef9d-4ca7-a1c9-060e7218dec5-u2 | ...............................................................................................................
2026-03-10 20:45:44,803 | INFO  | Job:63cdc480-ef9d-4ca7-a1c9-060e7218dec5-u2 | ................................................................................................................
2026-03-10 20:46:03,072 | INFO  | Job:63cdc480-ef9d-4ca7-a1c9-060e7218dec5-u2 | .................................................................................................................
2026-03-10 20:46:23,456 | INFO  | Job:63cdc480-ef9d-4ca7-a1c9-060e7218dec5-u2 | ..................................................................................................................
2026-03-10 20:46:44,608 | INFO  | Job:63cdc480-ef9d-4ca7-a1c9-060e7218dec5-u2 | ...................................................................................................................
2026-03-10 20:47:06,194 | INFO  | Job:63cdc480-ef9d-4ca7-a1c9-060e7218dec5-u2 | ....................................................................................................................
2026-03-10 20:47:24,761 | INFO  | Job:63cdc480-ef9d-4ca7-a1c9-060e7218dec5-u2 | .....................................................................................................................
2026-03-10 20:47:42,976 | INFO  | Job:63cdc480-ef9d-4ca7-a1c9-060e7218dec5-u2 | ......................................................................................................................
2026-03-10 20:48:02,384 | INFO  | Job:63cdc480-ef9d-4ca7-a1c9-060e7218dec5-u2 | .......................................................................................................................
2026-03-10 20:48:22,974 | INFO  | Job:63cdc480-ef9d-4ca7-a1c9-060e7218dec5-u2 | ........................................................................................................................
2026-03-10 20:48:45,451 | INFO  | Job:63cdc480-ef9d-4ca7-a1c9-060e7218dec5-u2 | .........................................................................................................................
2026-03-10 20:49:05,578 | INFO  | Job:63cdc480-ef9d-4ca7-a1c9-060e7218dec5-u2 | ..........................................................................................................................
2026-03-10 20:49:26,651 | INFO  | Job:63cdc480-ef9d-4ca7-a1c9-060e7218dec5-u2 | ...........................................................................................................................
2026-03-10 20:49:46,728 | INFO  | Job:63cdc480-ef9d-4ca7-a1c9-060e7218dec5-u2 | ............................................................................................................................
2026-03-10 20:50:04,137 | INFO  | Job:63cdc480-ef9d-4ca7-a1c9-060e7218dec5-u2 | .............................................................................................................................
2026-03-10 20:50:25,712 | INFO  | Job:63cdc480-ef9d-4ca7-a1c9-060e7218dec5-u2 | ..............................................................................................................................
2026-03-10 20:50:43,041 | INFO  | Job:63cdc480-ef9d-4ca7-a1c9-060e7218dec5-u2 | ...............................................................................................................................
2026-03-10 20:51:00,811 | INFO  | Job:63cdc480-ef9d-4ca7-a1c9-060e7218dec5-u2 | ................................................................................................................................
2026-03-10 20:51:20,887 | INFO  | Job:63cdc480-ef9d-4ca7-a1c9-060e7218dec5-u2 | .................................................................................................................................
2026-03-10 20:51:43,510 | INFO  | Job:63cdc480-ef9d-4ca7-a1c9-060e7218dec5-u2 | ..................................................................................................................................
2026-03-10 20:52:04,042 | INFO  | Job:63cdc480-ef9d-4ca7-a1c9-060e7218dec5-u2 | ...................................................................................................................................
2026-03-10 20:52:25,091 | INFO  | Job:63cdc480-ef9d-4ca7-a1c9-060e7218dec5-u2 | ....................................................................................................................................
2026-03-10 20:52:42,972 | INFO  | Job:63cdc480-ef9d-4ca7-a1c9-060e7218dec5-u2 | .....................................................................................................................................
2026-03-10 20:53:02,766 | INFO  | Job:63cdc480-ef9d-4ca7-a1c9-060e7218dec5-u2 | ......................................................................................................................................
2026-03-10 20:53:20,083 | INFO  | Job:63cdc480-ef9d-4ca7-a1c9-060e7218dec5-u2 | .......................................................................................................................................
2026-03-10 20:53:40,350 | INFO  | Job:63cdc480-ef9d-4ca7-a1c9-060e7218dec5-u2 | ........................................................................................................................................
2026-03-10 20:54:02,651 | INFO  | Job:63cdc480-ef9d-4ca7-a1c9-060e7218dec5-u2 | .........................................................................................................................................
2026-03-10 20:54:25,357 | INFO  | Job:63cdc480-ef9d-4ca7-a1c9-060e7218dec5-u2 | ..........................................................................................................................................
2026-03-10 20:54:48,532 | INFO  | Job:63cdc480-ef9d-4ca7-a1c9-060e7218dec5-u2 | ...........................................................................................................................................
2026-03-10 20:55:10,754 | INFO  | Job:63cdc480-ef9d-4ca7-a1c9-060e7218dec5-u2 | ............................................................................................................................................
2026-03-10 20:55:28,451 | INFO  | Job:63cdc480-ef9d-4ca7-a1c9-060e7218dec5-u2 | .............................................................................................................................................
2026-03-10 20:55:46,273 | INFO  | Job:63cdc480-ef9d-4ca7-a1c9-060e7218dec5-u2 | ..............................................................................................................................................
2026-03-10 20:56:07,002 | INFO  | Job:63cdc480-ef9d-4ca7-a1c9-060e7218dec5-u2 | ...............................................................................................................................................
2026-03-10 20:56:29,116 | INFO  | Job:63cdc480-ef9d-4ca7-a1c9-060e7218dec5-u2 | ................................................................................................................................................
2026-03-10 20:56:48,968 | INFO  | Job:63cdc480-ef9d-4ca7-a1c9-060e7218dec5-u2 | .................................................................................................................................................
2026-03-10 20:57:07,906 | INFO  | Job:63cdc480-ef9d-4ca7-a1c9-060e7218dec5-u2 | ..................................................................................................................................................
2026-03-10 20:57:25,544 | INFO  | Job:63cdc480-ef9d-4ca7-a1c9-060e7218dec5-u2 | ...................................................................................................................................................
2026-03-10 20:57:45,851 | INFO  | Job:63cdc480-ef9d-4ca7-a1c9-060e7218dec5-u2 | ....................................................................................................................................................
2026-03-10 20:58:05,838 | INFO  | Job:63cdc480-ef9d-4ca7-a1c9-060e7218dec5-u2 | .....................................................................................................................................................
2026-03-10 20:58:26,648 | INFO  | Job:63cdc480-ef9d-4ca7-a1c9-060e7218dec5-u2 | ......................................................................................................................................................
2026-03-10 20:58:48,204 | INFO  | Job:63cdc480-ef9d-4ca7-a1c9-060e7218dec5-u2 | .......................................................................................................................................................
2026-03-10 20:59:07,252 | INFO  | Job:63cdc480-ef9d-4ca7-a1c9-060e7218dec5-u2 | ........................................................................................................................................................
2026-03-10 20:59:28,105 | INFO  | Job:63cdc480-ef9d-4ca7-a1c9-060e7218dec5-u2 | .........................................................................................................................................................
2026-03-10 20:59:45,964 | INFO  | Job:63cdc480-ef9d-4ca7-a1c9-060e7218dec5-u2 | ..........................................................................................................................................................
2026-03-10 21:00:03,402 | INFO  | Job:63cdc480-ef9d-4ca7-a1c9-060e7218dec5-u2 | ...........................................................................................................................................................
2026-03-10 21:00:23,601 | INFO  | Job:63cdc480-ef9d-4ca7-a1c9-060e7218dec5-u2 | ............................................................................................................................................................
2026-03-10 21:00:45,608 | INFO  | Job:63cdc480-ef9d-4ca7-a1c9-060e7218dec5-u2 | .............................................................................................................................................................
2026-03-10 21:01:03,321 | INFO  | Job:63cdc480-ef9d-4ca7-a1c9-060e7218dec5-u2 | ..............................................................................................................................................................
2026-03-10 21:01:22,330 | INFO  | Job:63cdc480-ef9d-4ca7-a1c9-060e7218dec5-u2 | ...............................................................................................................................................................
2026-03-10 21:01:45,092 | INFO  | Job:63cdc480-ef9d-4ca7-a1c9-060e7218dec5-u2 | ................................................................................................................................................................
2026-03-10 21:02:03,438 | INFO  | Job:63cdc480-ef9d-4ca7-a1c9-060e7218dec5-u2 | .................................................................................................................................................................
2026-03-10 21:02:21,793 | INFO  | Job:63cdc480-ef9d-4ca7-a1c9-060e7218dec5-u2 | ..................................................................................................................................................................
2026-03-10 21:02:41,998 | INFO  | Job:63cdc480-ef9d-4ca7-a1c9-060e7218dec5-u2 | ...................................................................................................................................................................
2026-03-10 21:02:58,855 | INFO  | Job:63cdc480-ef9d-4ca7-a1c9-060e7218dec5-u2 | ....................................................................................................................................................................
2026-03-10 21:03:18,479 | INFO  | Job:63cdc480-ef9d-4ca7-a1c9-060e7218dec5-u2 | .....................................................................................................................................................................
2026-03-10 21:03:37,473 | INFO  | Job:63cdc480-ef9d-4ca7-a1c9-060e7218dec5-u2 | ......................................................................................................................................................................
2026-03-10 21:03:57,648 | INFO  | Job:63cdc480-ef9d-4ca7-a1c9-060e7218dec5-u2 | .......................................................................................................................................................................
2026-03-10 21:04:17,093 | INFO  | Job:63cdc480-ef9d-4ca7-a1c9-060e7218dec5-u2 | ........................................................................................................................................................................
2026-03-10 21:04:34,322 | INFO  | Job:63cdc480-ef9d-4ca7-a1c9-060e7218dec5-u2 | .........................................................................................................................................................................
2026-03-10 21:04:54,312 | INFO  | Job:63cdc480-ef9d-4ca7-a1c9-060e7218dec5-u2 | ..........................................................................................................................................................................
2026-03-10 21:05:14,622 | INFO  | Job:63cdc480-ef9d-4ca7-a1c9-060e7218dec5-u2 | ...........................................................................................................................................................................
2026-03-10 21:05:34,684 | INFO  | Job:63cdc480-ef9d-4ca7-a1c9-060e7218dec5-u2 | ............................................................................................................................................................................
2026-03-10 21:05:54,888 | INFO  | Job:63cdc480-ef9d-4ca7-a1c9-060e7218dec5-u2 | .............................................................................................................................................................................
2026-03-10 21:06:16,586 | INFO  | Job:63cdc480-ef9d-4ca7-a1c9-060e7218dec5-u2 | ..............................................................................................................................................................................
2026-03-10 21:06:36,206 | INFO  | Job:63cdc480-ef9d-4ca7-a1c9-060e7218dec5-u2 | ...............................................................................................................................................................................
2026-03-10 21:06:57,403 | INFO  | Job:63cdc480-ef9d-4ca7-a1c9-060e7218dec5-u2 | ................................................................................................................................................................................
2026-03-10 21:07:18,636 | INFO  | Job:63cdc480-ef9d-4ca7-a1c9-060e7218dec5-u2 | .................................................................................................................................................................................
2026-03-10 21:07:39,356 | INFO  | Job:63cdc480-ef9d-4ca7-a1c9-060e7218dec5-u2 | ..................................................................................................................................................................................
2026-03-10 21:08:02,325 | INFO  | Job:63cdc480-ef9d-4ca7-a1c9-060e7218dec5-u2 | ...................................................................................................................................................................................
2026-03-10 21:08:21,431 | INFO  | Job:63cdc480-ef9d-4ca7-a1c9-060e7218dec5-u2 | ....................................................................................................................................................................................
2026-03-10 21:08:42,009 | INFO  | Job:63cdc480-ef9d-4ca7-a1c9-060e7218dec5-u2 | .....................................................................................................................................................................................
2026-03-10 21:09:00,483 | INFO  | Job:63cdc480-ef9d-4ca7-a1c9-060e7218dec5-u2 | ......................................................................................................................................................................................
2026-03-10 21:09:23,114 | INFO  | Job:63cdc480-ef9d-4ca7-a1c9-060e7218dec5-u2 | .......................................................................................................................................................................................
2026-03-10 21:09:43,702 | INFO  | Job:63cdc480-ef9d-4ca7-a1c9-060e7218dec5-u2 | ........................................................................................................................................................................................
2026-03-10 21:10:04,164 | INFO  | Job:63cdc480-ef9d-4ca7-a1c9-060e7218dec5-u2 | .........................................................................................................................................................................................
2026-03-10 21:10:24,227 | INFO  | Job:63cdc480-ef9d-4ca7-a1c9-060e7218dec5-u2 | ..........................................................................................................................................................................................
2026-03-10 21:10:44,183 | INFO  | Job:63cdc480-ef9d-4ca7-a1c9-060e7218dec5-u2 | ...........................................................................................................................................................................................
2026-03-10 21:11:02,116 | INFO  | Job:63cdc480-ef9d-4ca7-a1c9-060e7218dec5-u2 | ............................................................................................................................................................................................
2026-03-10 21:11:21,822 | INFO  | Job:63cdc480-ef9d-4ca7-a1c9-060e7218dec5-u2 | .............................................................................................................................................................................................
2026-03-10 21:11:41,751 | INFO  | Job:63cdc480-ef9d-4ca7-a1c9-060e7218dec5-u2 | ..............................................................................................................................................................................................
2026-03-10 21:12:01,516 | INFO  | Job:63cdc480-ef9d-4ca7-a1c9-060e7218dec5-u2 | ...............................................................................................................................................................................................
2026-03-10 21:12:23,003 | INFO  | Job:63cdc480-ef9d-4ca7-a1c9-060e7218dec5-u2 | ................................................................................................................................................................................................
2026-03-10 21:12:43,148 | INFO  | Job:63cdc480-ef9d-4ca7-a1c9-060e7218dec5-u2 | .................................................................................................................................................................................................
2026-03-10 21:13:03,302 | INFO  | Job:63cdc480-ef9d-4ca7-a1c9-060e7218dec5-u2 | ..................................................................................................................................................................................................
2026-03-10 21:13:21,190 | INFO  | Job:63cdc480-ef9d-4ca7-a1c9-060e7218dec5-u2 | ...................................................................................................................................................................................................
2026-03-10 21:13:41,532 | INFO  | Job:63cdc480-ef9d-4ca7-a1c9-060e7218dec5-u2 | ....................................................................................................................................................................................................
2026-03-10 21:14:02,026 | INFO  | Job:63cdc480-ef9d-4ca7-a1c9-060e7218dec5-u2 | .....................................................................................................................................................................................................
2026-03-10 21:14:24,188 | INFO  | Job:63cdc480-ef9d-4ca7-a1c9-060e7218dec5-u2 | ......................................................................................................................................................................................................
2026-03-10 21:14:44,258 | INFO  | Job:63cdc480-ef9d-4ca7-a1c9-060e7218dec5-u2 | .......................................................................................................................................................................................................
2026-03-10 21:15:06,490 | INFO  | Job:63cdc480-ef9d-4ca7-a1c9-060e7218dec5-u2 | ........................................................................................................................................................................................................
2026-03-10 21:15:24,610 | INFO  | Job:63cdc480-ef9d-4ca7-a1c9-060e7218dec5-u2 | .........................................................................................................................................................................................................
2026-03-10 21:15:45,725 | INFO  | Job:63cdc480-ef9d-4ca7-a1c9-060e7218dec5-u2 | ..........................................................................................................................................................................................................
2026-03-10 21:16:07,002 | INFO  | Job:63cdc480-ef9d-4ca7-a1c9-060e7218dec5-u2 | ...........................................................................................................................................................................................................
2026-03-10 21:16:27,822 | INFO  | Job:63cdc480-ef9d-4ca7-a1c9-060e7218dec5-u2 | ............................................................................................................................................................................................................
2026-03-10 21:16:45,494 | INFO  | Job:63cdc480-ef9d-4ca7-a1c9-060e7218dec5-u2 | .............................................................................................................................................................................................................
2026-03-10 21:17:06,913 | INFO  | Job:63cdc480-ef9d-4ca7-a1c9-060e7218dec5-u2 | ..............................................................................................................................................................................................................
2026-03-10 21:17:27,523 | INFO  | Job:63cdc480-ef9d-4ca7-a1c9-060e7218dec5-u2 | ...............................................................................................................................................................................................................
2026-03-10 21:17:44,998 | INFO  | Job:63cdc480-ef9d-4ca7-a1c9-060e7218dec5-u2 | ................................................................................................................................................................................................................
2026-03-10 21:18:05,178 | INFO  | Job:63cdc480-ef9d-4ca7-a1c9-060e7218dec5-u2 | .................................................................................................................................................................................................................
2026-03-10 21:18:23,752 | INFO  | Job:63cdc480-ef9d-4ca7-a1c9-060e7218dec5-u2 | ..................................................................................................................................................................................................................
2026-03-10 21:18:45,433 | INFO  | Job:63cdc480-ef9d-4ca7-a1c9-060e7218dec5-u2 | ...................................................................................................................................................................................................................
2026-03-10 21:19:02,642 | INFO  | Job:63cdc480-ef9d-4ca7-a1c9-060e7218dec5-u2 | ....................................................................................................................................................................................................................
2026-03-10 21:19:22,252 | INFO  | Job:63cdc480-ef9d-4ca7-a1c9-060e7218dec5-u2 | .....................................................................................................................................................................................................................
2026-03-10 21:19:40,172 | INFO  | Job:63cdc480-ef9d-4ca7-a1c9-060e7218dec5-u2 | ......................................................................................................................................................................................................................
2026-03-10 21:20:00,592 | INFO  | Job:63cdc480-ef9d-4ca7-a1c9-060e7218dec5-u2 | .......................................................................................................................................................................................................................
2026-03-10 21:20:22,575 | INFO  | Job:63cdc480-ef9d-4ca7-a1c9-060e7218dec5-u2 | ........................................................................................................................................................................................................................
2026-03-10 21:20:46,111 | INFO  | Job:63cdc480-ef9d-4ca7-a1c9-060e7218dec5-u2 | .........................................................................................................................................................................................................................
2026-03-10 21:21:05,365 | INFO  | Job:63cdc480-ef9d-4ca7-a1c9-060e7218dec5-u2 | ..........................................................................................................................................................................................................................
2026-03-10 21:21:28,132 | INFO  | Job:63cdc480-ef9d-4ca7-a1c9-060e7218dec5-u2 | ...........................................................................................................................................................................................................................
2026-03-10 21:21:48,449 | INFO  | Job:63cdc480-ef9d-4ca7-a1c9-060e7218dec5-u2 | ............................................................................................................................................................................................................................
2026-03-10 21:22:11,347 | INFO  | Job:63cdc480-ef9d-4ca7-a1c9-060e7218dec5-u2 | .............................................................................................................................................................................................................................
2026-03-10 21:22:31,664 | INFO  | Job:63cdc480-ef9d-4ca7-a1c9-060e7218dec5-u2 | ..............................................................................................................................................................................................................................
2026-03-10 21:22:53,474 | INFO  | Job:63cdc480-ef9d-4ca7-a1c9-060e7218dec5-u2 | ...............................................................................................................................................................................................................................
2026-03-10 21:23:12,022 | INFO  | Job:63cdc480-ef9d-4ca7-a1c9-060e7218dec5-u2 | ................................................................................................................................................................................................................................
2026-03-10 21:23:31,646 | INFO  | Job:63cdc480-ef9d-4ca7-a1c9-060e7218dec5-u2 | .................................................................................................................................................................................................................................
2026-03-10 21:23:50,424 | INFO  | Job:63cdc480-ef9d-4ca7-a1c9-060e7218dec5-u2 | ..................................................................................................................................................................................................................................
2026-03-10 21:24:11,905 | INFO  | Job:63cdc480-ef9d-4ca7-a1c9-060e7218dec5-u2 | ...................................................................................................................................................................................................................................
2026-03-10 21:24:30,007 | INFO  | Job:63cdc480-ef9d-4ca7-a1c9-060e7218dec5-u2 | ....................................................................................................................................................................................................................................
2026-03-10 21:24:51,492 | INFO  | Job:63cdc480-ef9d-4ca7-a1c9-060e7218dec5-u2 | .....................................................................................................................................................................................................................................
2026-03-10 21:25:13,876 | INFO  | Job:63cdc480-ef9d-4ca7-a1c9-060e7218dec5-u2 | ......................................................................................................................................................................................................................................
2026-03-10 21:25:35,036 | INFO  | Job:63cdc480-ef9d-4ca7-a1c9-060e7218dec5-u2 | .......................................................................................................................................................................................................................................
2026-03-10 21:25:56,857 | INFO  | Job:63cdc480-ef9d-4ca7-a1c9-060e7218dec5-u2 | ........................................................................................................................................................................................................................................
2026-03-10 21:26:17,560 | INFO  | Job:63cdc480-ef9d-4ca7-a1c9-060e7218dec5-u2 | .........................................................................................................................................................................................................................................
2026-03-10 21:26:37,667 | INFO  | Job:63cdc480-ef9d-4ca7-a1c9-060e7218dec5-u2 | ..........................................................................................................................................................................................................................................
2026-03-10 21:26:54,564 | INFO  | Job:63cdc480-ef9d-4ca7-a1c9-060e7218dec5-u2 | ...........................................................................................................................................................................................................................................
2026-03-10 21:27:13,412 | INFO  | Job:63cdc480-ef9d-4ca7-a1c9-060e7218dec5-u2 | ............................................................................................................................................................................................................................................
2026-03-10 21:27:31,585 | INFO  | Job:63cdc480-ef9d-4ca7-a1c9-060e7218dec5-u2 | .............................................................................................................................................................................................................................................
2026-03-10 21:27:52,534 | INFO  | Job:63cdc480-ef9d-4ca7-a1c9-060e7218dec5-u2 | ..............................................................................................................................................................................................................................................
2026-03-10 21:28:11,606 | INFO  | Job:63cdc480-ef9d-4ca7-a1c9-060e7218dec5-u2 | ...............................................................................................................................................................................................................................................
2026-03-10 21:28:29,837 | INFO  | Job:63cdc480-ef9d-4ca7-a1c9-060e7218dec5-u2 | ................................................................................................................................................................................................................................................
2026-03-10 21:28:49,886 | INFO  | Job:63cdc480-ef9d-4ca7-a1c9-060e7218dec5-u2 | .................................................................................................................................................................................................................................................
2026-03-10 21:29:11,103 | INFO  | Job:63cdc480-ef9d-4ca7-a1c9-060e7218dec5-u2 | ..................................................................................................................................................................................................................................................
2026-03-10 21:29:28,507 | INFO  | Job:63cdc480-ef9d-4ca7-a1c9-060e7218dec5-u2 | ...................................................................................................................................................................................................................................................
2026-03-10 21:29:48,150 | INFO  | Job:63cdc480-ef9d-4ca7-a1c9-060e7218dec5-u2 | ....................................................................................................................................................................................................................................................
2026-03-10 21:30:08,591 | INFO  | Job:63cdc480-ef9d-4ca7-a1c9-060e7218dec5-u2 | .....................................................................................................................................................................................................................................................
2026-03-10 21:30:31,071 | INFO  | Job:63cdc480-ef9d-4ca7-a1c9-060e7218dec5-u2 | ......................................................................................................................................................................................................................................................
2026-03-10 21:30:52,283 | INFO  | Job:63cdc480-ef9d-4ca7-a1c9-060e7218dec5-u2 | .......................................................................................................................................................................................................................................................
2026-03-10 21:31:11,884 | INFO  | Job:63cdc480-ef9d-4ca7-a1c9-060e7218dec5-u2 | ........................................................................................................................................................................................................................................................
2026-03-10 21:31:31,590 | INFO  | Job:63cdc480-ef9d-4ca7-a1c9-060e7218dec5-u2 | .........................................................................................................................................................................................................................................................
2026-03-10 21:31:51,020 | INFO  | Job:63cdc480-ef9d-4ca7-a1c9-060e7218dec5-u2 | ..........................................................................................................................................................................................................................................................
2026-03-10 21:32:08,565 | INFO  | Job:63cdc480-ef9d-4ca7-a1c9-060e7218dec5-u2 | ...........................................................................................................................................................................................................................................................
2026-03-10 21:32:28,553 | INFO  | Job:63cdc480-ef9d-4ca7-a1c9-060e7218dec5-u2 | ............................................................................................................................................................................................................................................................
2026-03-10 21:32:50,009 | INFO  | Job:63cdc480-ef9d-4ca7-a1c9-060e7218dec5-u2 | .............................................................................................................................................................................................................................................................
2026-03-10 21:33:07,665 | INFO  | Job:63cdc480-ef9d-4ca7-a1c9-060e7218dec5-u2 | ..............................................................................................................................................................................................................................................................
2026-03-10 21:33:27,603 | INFO  | Job:63cdc480-ef9d-4ca7-a1c9-060e7218dec5-u2 | ...............................................................................................................................................................................................................................................................
2026-03-10 21:33:48,112 | INFO  | Job:63cdc480-ef9d-4ca7-a1c9-060e7218dec5-u2 | ................................................................................................................................................................................................................................................................
2026-03-10 21:34:09,990 | INFO  | Job:63cdc480-ef9d-4ca7-a1c9-060e7218dec5-u2 | .................................................................................................................................................................................................................................................................
2026-03-10 21:34:29,401 | INFO  | Job:63cdc480-ef9d-4ca7-a1c9-060e7218dec5-u2 | ..................................................................................................................................................................................................................................................................
2026-03-10 21:34:47,893 | INFO  | Job:63cdc480-ef9d-4ca7-a1c9-060e7218dec5-u2 | ...................................................................................................................................................................................................................................................................
2026-03-10 21:35:07,825 | INFO  | Job:63cdc480-ef9d-4ca7-a1c9-060e7218dec5-u2 | ....................................................................................................................................................................................................................................................................
2026-03-10 21:35:25,587 | INFO  | Job:63cdc480-ef9d-4ca7-a1c9-060e7218dec5-u2 | .....................................................................................................................................................................................................................................................................
2026-03-10 21:35:46,752 | INFO  | Job:63cdc480-ef9d-4ca7-a1c9-060e7218dec5-u2 | ......................................................................................................................................................................................................................................................................
2026-03-10 21:36:05,692 | INFO  | Job:63cdc480-ef9d-4ca7-a1c9-060e7218dec5-u2 | .......................................................................................................................................................................................................................................................................
2026-03-10 21:36:27,336 | INFO  | Job:63cdc480-ef9d-4ca7-a1c9-060e7218dec5-u2 | ........................................................................................................................................................................................................................................................................
2026-03-10 21:36:49,746 | INFO  | Job:63cdc480-ef9d-4ca7-a1c9-060e7218dec5-u2 | .........................................................................................................................................................................................................................................................................
2026-03-10 21:37:09,363 | INFO  | Job:63cdc480-ef9d-4ca7-a1c9-060e7218dec5-u2 | ..........................................................................................................................................................................................................................................................................
2026-03-10 21:37:32,590 | INFO  | Job:63cdc480-ef9d-4ca7-a1c9-060e7218dec5-u2 | ...........................................................................................................................................................................................................................................................................
2026-03-10 21:37:55,413 | INFO  | Job:63cdc480-ef9d-4ca7-a1c9-060e7218dec5-u2 | ............................................................................................................................................................................................................................................................................
2026-03-10 21:38:15,955 | INFO  | Job:63cdc480-ef9d-4ca7-a1c9-060e7218dec5-u2 | .............................................................................................................................................................................................................................................................................
2026-03-10 21:38:36,591 | INFO  | Job:63cdc480-ef9d-4ca7-a1c9-060e7218dec5-u2 | ..............................................................................................................................................................................................................................................................................
2026-03-10 21:38:59,214 | INFO  | Job:63cdc480-ef9d-4ca7-a1c9-060e7218dec5-u2 | ...............................................................................................................................................................................................................................................................................
2026-03-10 21:39:16,532 | INFO  | Job:63cdc480-ef9d-4ca7-a1c9-060e7218dec5-u2 | ................................................................................................................................................................................................................................................................................
